\BOOKMARK [0][-]{chapter.1}{\376\377\0001\000\040\000B\000U\000S\000D\000E\000S\000T\000R\000O\000Y\000E\000R\000\040\0002\0000\0000\0000\000\040\000\050\000P\000r\000o\000g\000r\000a\000m\000m\000i\000n\000g\000\040\0003\000\040\000c\000o\000u\000r\000s\000e\000\040\000p\000r\000o\000j\000e\000c\000t\000\051}{}% 1
\BOOKMARK [1][-]{section.1.1}{\376\377\0001\000.\0001\000\040\000H\000o\000w\000\040\000t\000o\000\040\000s\000t\000a\000r\000t\000\040\000t\000h\000e\000\040\000g\000a\000m\000e}{chapter.1}% 2
\BOOKMARK [1][-]{section.1.2}{\376\377\0001\000.\0002\000\040\000D\000I\000S\000C\000L\000A\000I\000M\000E\000R\000S\000:}{chapter.1}% 3
\BOOKMARK [0][-]{chapter.2}{\376\377\0002\000\040\000N\000a\000m\000e\000s\000p\000a\000c\000e\000\040\000I\000n\000d\000e\000x}{}% 4
\BOOKMARK [1][-]{section.2.1}{\376\377\0002\000.\0001\000\040\000N\000a\000m\000e\000s\000p\000a\000c\000e\000\040\000L\000i\000s\000t}{chapter.2}% 5
\BOOKMARK [0][-]{chapter.3}{\376\377\0003\000\040\000H\000i\000e\000r\000a\000r\000c\000h\000i\000c\000a\000l\000\040\000I\000n\000d\000e\000x}{}% 6
\BOOKMARK [1][-]{section.3.1}{\376\377\0003\000.\0001\000\040\000C\000l\000a\000s\000s\000\040\000H\000i\000e\000r\000a\000r\000c\000h\000y}{chapter.3}% 7
\BOOKMARK [0][-]{chapter.4}{\376\377\0004\000\040\000C\000l\000a\000s\000s\000\040\000I\000n\000d\000e\000x}{}% 8
\BOOKMARK [1][-]{section.4.1}{\376\377\0004\000.\0001\000\040\000C\000l\000a\000s\000s\000\040\000L\000i\000s\000t}{chapter.4}% 9
\BOOKMARK [0][-]{chapter.5}{\376\377\0005\000\040\000F\000i\000l\000e\000\040\000I\000n\000d\000e\000x}{}% 10
\BOOKMARK [1][-]{section.5.1}{\376\377\0005\000.\0001\000\040\000F\000i\000l\000e\000\040\000L\000i\000s\000t}{chapter.5}% 11
\BOOKMARK [0][-]{chapter.6}{\376\377\0006\000\040\000N\000a\000m\000e\000s\000p\000a\000c\000e\000\040\000D\000o\000c\000u\000m\000e\000n\000t\000a\000t\000i\000o\000n}{}% 12
\BOOKMARK [1][-]{section.6.1}{\376\377\0006\000.\0001\000\040\000I\000n\000t\000e\000r\000f\000a\000c\000e\000\040\000N\000a\000m\000e\000s\000p\000a\000c\000e\000\040\000R\000e\000f\000e\000r\000e\000n\000c\000e}{chapter.6}% 13
\BOOKMARK [2][-]{subsection.6.1.1}{\376\377\0006\000.\0001\000.\0001\000\040\000D\000e\000t\000a\000i\000l\000e\000d\000\040\000D\000e\000s\000c\000r\000i\000p\000t\000i\000o\000n}{section.6.1}% 14
\BOOKMARK [2][-]{subsection.6.1.2}{\376\377\0006\000.\0001\000.\0002\000\040\000F\000u\000n\000c\000t\000i\000o\000n\000\040\000D\000o\000c\000u\000m\000e\000n\000t\000a\000t\000i\000o\000n}{section.6.1}% 15
\BOOKMARK [3][-]{subsubsection.6.1.2.1}{\376\377\0006\000.\0001\000.\0002\000.\0001\000\040\000c\000r\000e\000a\000t\000e\000G\000a\000m\000e\000\050\000\051}{subsection.6.1.2}% 16
\BOOKMARK [1][-]{section.6.2}{\376\377\0006\000.\0002\000\040\000S\000t\000u\000d\000e\000n\000t\000S\000i\000d\000e\000\040\000N\000a\000m\000e\000s\000p\000a\000c\000e\000\040\000R\000e\000f\000e\000r\000e\000n\000c\000e}{chapter.6}% 17
\BOOKMARK [2][-]{subsection.6.2.1}{\376\377\0006\000.\0002\000.\0001\000\040\000D\000e\000t\000a\000i\000l\000e\000d\000\040\000D\000e\000s\000c\000r\000i\000p\000t\000i\000o\000n}{section.6.2}% 18
\BOOKMARK [1][-]{section.6.3}{\376\377\0006\000.\0003\000\040\000U\000i\000\040\000N\000a\000m\000e\000s\000p\000a\000c\000e\000\040\000R\000e\000f\000e\000r\000e\000n\000c\000e}{chapter.6}% 19
\BOOKMARK [2][-]{subsection.6.3.1}{\376\377\0006\000.\0003\000.\0001\000\040\000D\000e\000t\000a\000i\000l\000e\000d\000\040\000D\000e\000s\000c\000r\000i\000p\000t\000i\000o\000n}{section.6.3}% 20
\BOOKMARK [0][-]{chapter.7}{\376\377\0007\000\040\000C\000l\000a\000s\000s\000\040\000D\000o\000c\000u\000m\000e\000n\000t\000a\000t\000i\000o\000n}{}% 21
\BOOKMARK [1][-]{section.7.1}{\376\377\0007\000.\0001\000\040\000S\000t\000u\000d\000e\000n\000t\000S\000i\000d\000e\000:\000:\000b\000a\000s\000i\000c\000P\000r\000o\000j\000e\000c\000t\000i\000l\000e\000\040\000C\000l\000a\000s\000s\000\040\000R\000e\000f\000e\000r\000e\000n\000c\000e}{chapter.7}% 22
\BOOKMARK [2][-]{subsection.7.1.1}{\376\377\0007\000.\0001\000.\0001\000\040\000D\000e\000t\000a\000i\000l\000e\000d\000\040\000D\000e\000s\000c\000r\000i\000p\000t\000i\000o\000n}{section.7.1}% 23
\BOOKMARK [2][-]{subsection.7.1.2}{\376\377\0007\000.\0001\000.\0002\000\040\000C\000o\000n\000s\000t\000r\000u\000c\000t\000o\000r\000\040\000\046\000\040\000D\000e\000s\000t\000r\000u\000c\000t\000o\000r\000\040\000D\000o\000c\000u\000m\000e\000n\000t\000a\000t\000i\000o\000n}{section.7.1}% 24
\BOOKMARK [3][-]{subsubsection.7.1.2.1}{\376\377\0007\000.\0001\000.\0002\000.\0001\000\040\000b\000a\000s\000i\000c\000P\000r\000o\000j\000e\000c\000t\000i\000l\000e\000\050\000\051}{subsection.7.1.2}% 25
\BOOKMARK [2][-]{subsection.7.1.3}{\376\377\0007\000.\0001\000.\0003\000\040\000M\000e\000m\000b\000e\000r\000\040\000F\000u\000n\000c\000t\000i\000o\000n\000\040\000D\000o\000c\000u\000m\000e\000n\000t\000a\000t\000i\000o\000n}{section.7.1}% 26
\BOOKMARK [3][-]{subsubsection.7.1.3.1}{\376\377\0007\000.\0001\000.\0003\000.\0001\000\040\000i\000s\000C\000l\000o\000s\000e\000\050\000\051}{subsection.7.1.3}% 27
\BOOKMARK [3][-]{subsubsection.7.1.3.2}{\376\377\0007\000.\0001\000.\0003\000.\0002\000\040\000m\000o\000v\000e}{subsection.7.1.3}% 28
\BOOKMARK [3][-]{subsubsection.7.1.3.3}{\376\377\0007\000.\0001\000.\0003\000.\0003\000\040\000r\000e\000m\000o\000v\000e\000S\000h\000o\000o\000t\000e\000d\000A\000c\000t\000o\000r\000s\000\050\000\051}{subsection.7.1.3}% 29
\BOOKMARK [3][-]{subsubsection.7.1.3.4}{\376\377\0007\000.\0001\000.\0003\000.\0004\000\040\000s\000e\000t\000D\000i\000m\000e\000n\000s\000i\000o\000n\000s\000\050\000\051}{subsection.7.1.3}% 30
\BOOKMARK [3][-]{subsubsection.7.1.3.5}{\376\377\0007\000.\0001\000.\0003\000.\0005\000\040\000s\000e\000t\000P\000r\000o\000j\000e\000c\000t\000i\000l\000e\000P\000i\000c\000t\000u\000r\000e\000\050\000\051}{subsection.7.1.3}% 31
\BOOKMARK [1][-]{section.7.2}{\376\377\0007\000.\0002\000\040\000S\000t\000u\000d\000e\000n\000t\000S\000i\000d\000e\000:\000:\000b\000o\000n\000u\000s\000I\000t\000e\000m\000\040\000C\000l\000a\000s\000s\000\040\000R\000e\000f\000e\000r\000e\000n\000c\000e}{chapter.7}% 32
\BOOKMARK [2][-]{subsection.7.2.1}{\376\377\0007\000.\0002\000.\0001\000\040\000D\000e\000t\000a\000i\000l\000e\000d\000\040\000D\000e\000s\000c\000r\000i\000p\000t\000i\000o\000n}{section.7.2}% 33
\BOOKMARK [2][-]{subsection.7.2.2}{\376\377\0007\000.\0002\000.\0002\000\040\000C\000o\000n\000s\000t\000r\000u\000c\000t\000o\000r\000\040\000\046\000\040\000D\000e\000s\000t\000r\000u\000c\000t\000o\000r\000\040\000D\000o\000c\000u\000m\000e\000n\000t\000a\000t\000i\000o\000n}{section.7.2}% 34
\BOOKMARK [3][-]{subsubsection.7.2.2.1}{\376\377\0007\000.\0002\000.\0002\000.\0001\000\040\000b\000o\000n\000u\000s\000I\000t\000e\000m\000\050\000\051}{subsection.7.2.2}% 35
\BOOKMARK [2][-]{subsection.7.2.3}{\376\377\0007\000.\0002\000.\0003\000\040\000M\000e\000m\000b\000e\000r\000\040\000F\000u\000n\000c\000t\000i\000o\000n\000\040\000D\000o\000c\000u\000m\000e\000n\000t\000a\000t\000i\000o\000n}{section.7.2}% 36
\BOOKMARK [3][-]{subsubsection.7.2.3.1}{\376\377\0007\000.\0002\000.\0003\000.\0001\000\040\000m\000o\000v\000e}{subsection.7.2.3}% 37
\BOOKMARK [1][-]{section.7.3}{\376\377\0007\000.\0003\000\040\000C\000o\000u\000r\000s\000e\000S\000i\000d\000e\000:\000:\000B\000u\000s\000D\000a\000t\000a\000\040\000S\000t\000r\000u\000c\000t\000\040\000R\000e\000f\000e\000r\000e\000n\000c\000e}{chapter.7}% 38
\BOOKMARK [1][-]{section.7.4}{\376\377\0007\000.\0004\000\040\000S\000t\000u\000d\000e\000n\000t\000S\000i\000d\000e\000:\000:\000g\000a\000m\000e\000C\000i\000t\000y\000\040\000C\000l\000a\000s\000s\000\040\000R\000e\000f\000e\000r\000e\000n\000c\000e}{chapter.7}% 39
\BOOKMARK [2][-]{subsection.7.4.1}{\376\377\0007\000.\0004\000.\0001\000\040\000D\000e\000t\000a\000i\000l\000e\000d\000\040\000D\000e\000s\000c\000r\000i\000p\000t\000i\000o\000n}{section.7.4}% 40
\BOOKMARK [2][-]{subsection.7.4.2}{\376\377\0007\000.\0004\000.\0002\000\040\000C\000o\000n\000s\000t\000r\000u\000c\000t\000o\000r\000\040\000\046\000\040\000D\000e\000s\000t\000r\000u\000c\000t\000o\000r\000\040\000D\000o\000c\000u\000m\000e\000n\000t\000a\000t\000i\000o\000n}{section.7.4}% 41
\BOOKMARK [3][-]{subsubsection.7.4.2.1}{\376\377\0007\000.\0004\000.\0002\000.\0001\000\040\000g\000a\000m\000e\000C\000i\000t\000y\000\050\000\051}{subsection.7.4.2}% 42
\BOOKMARK [2][-]{subsection.7.4.3}{\376\377\0007\000.\0004\000.\0003\000\040\000M\000e\000m\000b\000e\000r\000\040\000F\000u\000n\000c\000t\000i\000o\000n\000\040\000D\000o\000c\000u\000m\000e\000n\000t\000a\000t\000i\000o\000n}{section.7.4}% 43
\BOOKMARK [3][-]{subsubsection.7.4.3.1}{\376\377\0007\000.\0004\000.\0003\000.\0001\000\040\000a\000c\000t\000o\000r\000M\000o\000v\000e\000d\000\050\000\051}{subsection.7.4.3}% 44
\BOOKMARK [3][-]{subsubsection.7.4.3.2}{\376\377\0007\000.\0004\000.\0003\000.\0002\000\040\000a\000c\000t\000o\000r\000R\000e\000m\000o\000v\000e\000d\000\050\000\051}{subsection.7.4.3}% 45
\BOOKMARK [3][-]{subsubsection.7.4.3.3}{\376\377\0007\000.\0004\000.\0003\000.\0003\000\040\000a\000d\000d\000A\000c\000t\000o\000r\000\050\000\051}{subsection.7.4.3}% 46
\BOOKMARK [3][-]{subsubsection.7.4.3.4}{\376\377\0007\000.\0004\000.\0003\000.\0004\000\040\000a\000d\000d\000S\000t\000o\000p\000\050\000\051}{subsection.7.4.3}% 47
\BOOKMARK [3][-]{subsubsection.7.4.3.5}{\376\377\0007\000.\0004\000.\0003\000.\0005\000\040\000f\000i\000n\000d\000A\000c\000t\000o\000r\000\050\000\051}{subsection.7.4.3}% 48
\BOOKMARK [3][-]{subsubsection.7.4.3.6}{\376\377\0007\000.\0004\000.\0003\000.\0006\000\040\000g\000e\000t\000N\000e\000a\000r\000b\000y\000A\000c\000t\000o\000r\000s\000\050\000\051}{subsection.7.4.3}% 49
\BOOKMARK [3][-]{subsubsection.7.4.3.7}{\376\377\0007\000.\0004\000.\0003\000.\0007\000\040\000i\000s\000G\000a\000m\000e\000O\000v\000e\000r\000\050\000\051}{subsection.7.4.3}% 50
\BOOKMARK [3][-]{subsubsection.7.4.3.8}{\376\377\0007\000.\0004\000.\0003\000.\0008\000\040\000r\000e\000m\000o\000v\000e\000A\000c\000t\000o\000r\000\050\000\051}{subsection.7.4.3}% 51
\BOOKMARK [3][-]{subsubsection.7.4.3.9}{\376\377\0007\000.\0004\000.\0003\000.\0009\000\040\000s\000e\000t\000B\000a\000c\000k\000g\000r\000o\000u\000n\000d\000\050\000\051}{subsection.7.4.3}% 52
\BOOKMARK [3][-]{subsubsection.7.4.3.10}{\376\377\0007\000.\0004\000.\0003\000.\0001\0000\000\040\000s\000e\000t\000C\000l\000o\000c\000k\000\050\000\051}{subsection.7.4.3}% 53
\BOOKMARK [3][-]{subsubsection.7.4.3.11}{\376\377\0007\000.\0004\000.\0003\000.\0001\0001\000\040\000s\000t\000a\000r\000t\000G\000a\000m\000e\000\050\000\051}{subsection.7.4.3}% 54
\BOOKMARK [2][-]{subsection.7.4.4}{\376\377\0007\000.\0004\000.\0004\000\040\000M\000e\000m\000b\000e\000r\000\040\000D\000a\000t\000a\000\040\000D\000o\000c\000u\000m\000e\000n\000t\000a\000t\000i\000o\000n}{section.7.4}% 55
\BOOKMARK [3][-]{subsubsection.7.4.4.1}{\376\377\0007\000.\0004\000.\0004\000.\0001\000\040\000a\000l\000l\000A\000c\000t\000o\000r\000s}{subsection.7.4.4}% 56
\BOOKMARK [3][-]{subsubsection.7.4.4.2}{\376\377\0007\000.\0004\000.\0004\000.\0002\000\040\000a\000l\000l\000S\000t\000o\000p\000s}{subsection.7.4.4}% 57
\BOOKMARK [1][-]{section.7.5}{\376\377\0007\000.\0005\000\040\000I\000n\000t\000e\000r\000f\000a\000c\000e\000:\000:\000G\000a\000m\000e\000E\000r\000r\000o\000r\000\040\000C\000l\000a\000s\000s\000\040\000R\000e\000f\000e\000r\000e\000n\000c\000e}{chapter.7}% 58
\BOOKMARK [2][-]{subsection.7.5.1}{\376\377\0007\000.\0005\000.\0001\000\040\000D\000e\000t\000a\000i\000l\000e\000d\000\040\000D\000e\000s\000c\000r\000i\000p\000t\000i\000o\000n}{section.7.5}% 59
\BOOKMARK [2][-]{subsection.7.5.2}{\376\377\0007\000.\0005\000.\0002\000\040\000C\000o\000n\000s\000t\000r\000u\000c\000t\000o\000r\000\040\000\046\000\040\000D\000e\000s\000t\000r\000u\000c\000t\000o\000r\000\040\000D\000o\000c\000u\000m\000e\000n\000t\000a\000t\000i\000o\000n}{section.7.5}% 60
\BOOKMARK [3][-]{subsubsection.7.5.2.1}{\376\377\0007\000.\0005\000.\0002\000.\0001\000\040\000G\000a\000m\000e\000E\000r\000r\000o\000r\000\050\000\051\000\040\000[\0001\000/\0002\000]}{subsection.7.5.2}% 61
\BOOKMARK [3][-]{subsubsection.7.5.2.2}{\376\377\0007\000.\0005\000.\0002\000.\0002\000\040\000G\000a\000m\000e\000E\000r\000r\000o\000r\000\050\000\051\000\040\000[\0002\000/\0002\000]}{subsection.7.5.2}% 62
\BOOKMARK [2][-]{subsection.7.5.3}{\376\377\0007\000.\0005\000.\0003\000\040\000M\000e\000m\000b\000e\000r\000\040\000F\000u\000n\000c\000t\000i\000o\000n\000\040\000D\000o\000c\000u\000m\000e\000n\000t\000a\000t\000i\000o\000n}{section.7.5}% 63
\BOOKMARK [3][-]{subsubsection.7.5.3.1}{\376\377\0007\000.\0005\000.\0003\000.\0001\000\040\000g\000i\000v\000e\000M\000e\000s\000s\000a\000g\000e\000\050\000\051}{subsection.7.5.3}% 64
\BOOKMARK [3][-]{subsubsection.7.5.3.2}{\376\377\0007\000.\0005\000.\0003\000.\0002\000\040\000w\000h\000a\000t\000\050\000\051}{subsection.7.5.3}% 65
\BOOKMARK [1][-]{section.7.6}{\376\377\0007\000.\0006\000\040\000S\000t\000u\000d\000e\000n\000t\000S\000i\000d\000e\000:\000:\000G\000a\000m\000e\000O\000v\000e\000r\000D\000i\000a\000l\000o\000g\000\040\000C\000l\000a\000s\000s\000\040\000R\000e\000f\000e\000r\000e\000n\000c\000e}{chapter.7}% 66
\BOOKMARK [2][-]{subsection.7.6.1}{\376\377\0007\000.\0006\000.\0001\000\040\000D\000e\000t\000a\000i\000l\000e\000d\000\040\000D\000e\000s\000c\000r\000i\000p\000t\000i\000o\000n}{section.7.6}% 67
\BOOKMARK [2][-]{subsection.7.6.2}{\376\377\0007\000.\0006\000.\0002\000\040\000C\000o\000n\000s\000t\000r\000u\000c\000t\000o\000r\000\040\000\046\000\040\000D\000e\000s\000t\000r\000u\000c\000t\000o\000r\000\040\000D\000o\000c\000u\000m\000e\000n\000t\000a\000t\000i\000o\000n}{section.7.6}% 68
\BOOKMARK [3][-]{subsubsection.7.6.2.1}{\376\377\0007\000.\0006\000.\0002\000.\0001\000\040\000G\000a\000m\000e\000O\000v\000e\000r\000D\000i\000a\000l\000o\000g\000\050\000\051}{subsection.7.6.2}% 69
\BOOKMARK [2][-]{subsection.7.6.3}{\376\377\0007\000.\0006\000.\0003\000\040\000M\000e\000m\000b\000e\000r\000\040\000F\000u\000n\000c\000t\000i\000o\000n\000\040\000D\000o\000c\000u\000m\000e\000n\000t\000a\000t\000i\000o\000n}{section.7.6}% 70
\BOOKMARK [3][-]{subsubsection.7.6.3.1}{\376\377\0007\000.\0006\000.\0003\000.\0001\000\040\000i\000n\000i\000t\000G\000a\000m\000e\000D\000a\000t\000a\000\050\000\051}{subsection.7.6.3}% 71
\BOOKMARK [3][-]{subsubsection.7.6.3.2}{\376\377\0007\000.\0006\000.\0003\000.\0002\000\040\000s\000e\000t\000P\000l\000a\000y\000e\000r\000P\000o\000i\000n\000t\000s\000\050\000\051}{subsection.7.6.3}% 72
\BOOKMARK [3][-]{subsubsection.7.6.3.3}{\376\377\0007\000.\0006\000.\0003\000.\0003\000\040\000s\000e\000t\000T\000o\000o\000l\000T\000i\000p\000s\000\050\000\051}{subsection.7.6.3}% 73
\BOOKMARK [1][-]{section.7.7}{\376\377\0007\000.\0007\000\040\000S\000t\000u\000d\000e\000n\000t\000S\000i\000d\000e\000:\000:\000g\000a\000m\000e\000S\000t\000a\000t\000i\000s\000t\000i\000c\000s\000\040\000C\000l\000a\000s\000s\000\040\000R\000e\000f\000e\000r\000e\000n\000c\000e}{chapter.7}% 74
\BOOKMARK [2][-]{subsection.7.7.1}{\376\377\0007\000.\0007\000.\0001\000\040\000D\000e\000t\000a\000i\000l\000e\000d\000\040\000D\000e\000s\000c\000r\000i\000p\000t\000i\000o\000n}{section.7.7}% 75
\BOOKMARK [2][-]{subsection.7.7.2}{\376\377\0007\000.\0007\000.\0002\000\040\000C\000o\000n\000s\000t\000r\000u\000c\000t\000o\000r\000\040\000\046\000\040\000D\000e\000s\000t\000r\000u\000c\000t\000o\000r\000\040\000D\000o\000c\000u\000m\000e\000n\000t\000a\000t\000i\000o\000n}{section.7.7}% 76
\BOOKMARK [3][-]{subsubsection.7.7.2.1}{\376\377\0007\000.\0007\000.\0002\000.\0001\000\040\000g\000a\000m\000e\000S\000t\000a\000t\000i\000s\000t\000i\000c\000s\000\050\000\051}{subsection.7.7.2}% 77
\BOOKMARK [2][-]{subsection.7.7.3}{\376\377\0007\000.\0007\000.\0003\000\040\000M\000e\000m\000b\000e\000r\000\040\000F\000u\000n\000c\000t\000i\000o\000n\000\040\000D\000o\000c\000u\000m\000e\000n\000t\000a\000t\000i\000o\000n}{section.7.7}% 78
\BOOKMARK [3][-]{subsubsection.7.7.3.1}{\376\377\0007\000.\0007\000.\0003\000.\0001\000\040\000a\000c\000t\000o\000r\000M\000o\000v\000e\000d\000\050\000\051}{subsection.7.7.3}% 79
\BOOKMARK [3][-]{subsubsection.7.7.3.2}{\376\377\0007\000.\0007\000.\0003\000.\0002\000\040\000a\000d\000d\000C\000o\000l\000l\000e\000c\000t\000e\000d\000D\000i\000a\000m\000o\000n\000d\000\050\000\051}{subsection.7.7.3}% 80
\BOOKMARK [3][-]{subsubsection.7.7.3.3}{\376\377\0007\000.\0007\000.\0003\000.\0003\000\040\000a\000d\000d\000P\000o\000i\000n\000t\000s\000\050\000\051}{subsection.7.7.3}% 81
\BOOKMARK [3][-]{subsubsection.7.7.3.4}{\376\377\0007\000.\0007\000.\0003\000.\0004\000\040\000g\000i\000v\000e\000C\000o\000l\000l\000e\000c\000t\000e\000d\000D\000i\000a\000m\000o\000n\000d\000s\000\050\000\051}{subsection.7.7.3}% 82
\BOOKMARK [3][-]{subsubsection.7.7.3.5}{\376\377\0007\000.\0007\000.\0003\000.\0005\000\040\000g\000i\000v\000e\000D\000e\000s\000t\000r\000o\000y\000e\000d\000N\000y\000s\000s\000e\000s\000\050\000\051}{subsection.7.7.3}% 83
\BOOKMARK [3][-]{subsubsection.7.7.3.6}{\376\377\0007\000.\0007\000.\0003\000.\0006\000\040\000g\000i\000v\000e\000D\000e\000s\000t\000r\000o\000y\000e\000d\000P\000a\000s\000s\000e\000n\000g\000e\000r\000s\000\050\000\051}{subsection.7.7.3}% 84
\BOOKMARK [3][-]{subsubsection.7.7.3.7}{\376\377\0007\000.\0007\000.\0003\000.\0007\000\040\000g\000i\000v\000e\000P\000o\000i\000n\000t\000s\000\050\000\051}{subsection.7.7.3}% 85
\BOOKMARK [3][-]{subsubsection.7.7.3.8}{\376\377\0007\000.\0007\000.\0003\000.\0008\000\040\000i\000n\000i\000t\000A\000l\000l\000V\000a\000l\000u\000e\000s\000\050\000\051}{subsection.7.7.3}% 86
\BOOKMARK [3][-]{subsubsection.7.7.3.9}{\376\377\0007\000.\0007\000.\0003\000.\0009\000\040\000m\000o\000r\000e\000P\000a\000s\000s\000e\000n\000g\000e\000r\000s\000\050\000\051}{subsection.7.7.3}% 87
\BOOKMARK [3][-]{subsubsection.7.7.3.10}{\376\377\0007\000.\0007\000.\0003\000.\0001\0000\000\040\000n\000e\000w\000N\000y\000s\000s\000e\000\050\000\051}{subsection.7.7.3}% 88
\BOOKMARK [3][-]{subsubsection.7.7.3.11}{\376\377\0007\000.\0007\000.\0003\000.\0001\0001\000\040\000n\000y\000s\000s\000e\000L\000e\000f\000t\000\050\000\051}{subsection.7.7.3}% 89
\BOOKMARK [3][-]{subsubsection.7.7.3.12}{\376\377\0007\000.\0007\000.\0003\000.\0001\0002\000\040\000n\000y\000s\000s\000e\000R\000e\000m\000o\000v\000e\000d\000\050\000\051}{subsection.7.7.3}% 90
\BOOKMARK [3][-]{subsubsection.7.7.3.13}{\376\377\0007\000.\0007\000.\0003\000.\0001\0003\000\040\000p\000a\000s\000s\000e\000n\000g\000e\000r\000D\000i\000e\000d\000\050\000\051}{subsection.7.7.3}% 91
\BOOKMARK [3][-]{subsubsection.7.7.3.14}{\376\377\0007\000.\0007\000.\0003\000.\0001\0004\000\040\000p\000a\000s\000s\000e\000n\000g\000e\000r\000L\000e\000f\000t\000\050\000\051}{subsection.7.7.3}% 92
\BOOKMARK [1][-]{section.7.8}{\376\377\0007\000.\0008\000\040\000S\000t\000u\000d\000e\000n\000t\000S\000i\000d\000e\000:\000:\000g\000a\000m\000e\000W\000i\000n\000d\000o\000w\000\040\000C\000l\000a\000s\000s\000\040\000R\000e\000f\000e\000r\000e\000n\000c\000e}{chapter.7}% 93
\BOOKMARK [2][-]{subsection.7.8.1}{\376\377\0007\000.\0008\000.\0001\000\040\000D\000e\000t\000a\000i\000l\000e\000d\000\040\000D\000e\000s\000c\000r\000i\000p\000t\000i\000o\000n}{section.7.8}% 94
\BOOKMARK [2][-]{subsection.7.8.2}{\376\377\0007\000.\0008\000.\0002\000\040\000C\000o\000n\000s\000t\000r\000u\000c\000t\000o\000r\000\040\000\046\000\040\000D\000e\000s\000t\000r\000u\000c\000t\000o\000r\000\040\000D\000o\000c\000u\000m\000e\000n\000t\000a\000t\000i\000o\000n}{section.7.8}% 95
\BOOKMARK [3][-]{subsubsection.7.8.2.1}{\376\377\0007\000.\0008\000.\0002\000.\0001\000\040\000g\000a\000m\000e\000W\000i\000n\000d\000o\000w\000\050\000\051}{subsection.7.8.2}% 96
\BOOKMARK [2][-]{subsection.7.8.3}{\376\377\0007\000.\0008\000.\0003\000\040\000M\000e\000m\000b\000e\000r\000\040\000F\000u\000n\000c\000t\000i\000o\000n\000\040\000D\000o\000c\000u\000m\000e\000n\000t\000a\000t\000i\000o\000n}{section.7.8}% 97
\BOOKMARK [3][-]{subsubsection.7.8.3.1}{\376\377\0007\000.\0008\000.\0003\000.\0001\000\040\000a\000d\000d\000D\000a\000t\000a\000T\000o\000L\000C\000D\000\050\000\051}{subsection.7.8.3}% 98
\BOOKMARK [3][-]{subsubsection.7.8.3.2}{\376\377\0007\000.\0008\000.\0003\000.\0002\000\040\000g\000e\000t\000A\000v\000a\000i\000l\000a\000b\000l\000e\000S\000i\000z\000e\000\050\000\051}{subsection.7.8.3}% 99
\BOOKMARK [3][-]{subsubsection.7.8.3.3}{\376\377\0007\000.\0008\000.\0003\000.\0003\000\040\000r\000e\000s\000i\000z\000e\000E\000v\000e\000n\000t\000\050\000\051}{subsection.7.8.3}% 100
\BOOKMARK [3][-]{subsubsection.7.8.3.4}{\376\377\0007\000.\0008\000.\0003\000.\0004\000\040\000s\000c\000r\000e\000e\000n\000F\000r\000a\000m\000e\000U\000p\000d\000a\000t\000e\000\050\000\051}{subsection.7.8.3}% 101
\BOOKMARK [3][-]{subsubsection.7.8.3.5}{\376\377\0007\000.\0008\000.\0003\000.\0005\000\040\000s\000e\000t\000G\000a\000m\000e\000T\000i\000m\000e\000\050\000\051}{subsection.7.8.3}% 102
\BOOKMARK [3][-]{subsubsection.7.8.3.6}{\376\377\0007\000.\0008\000.\0003\000.\0006\000\040\000s\000e\000t\000L\000C\000D\000S\000t\000y\000l\000e\000\050\000\051}{subsection.7.8.3}% 103
\BOOKMARK [3][-]{subsubsection.7.8.3.7}{\376\377\0007\000.\0008\000.\0003\000.\0007\000\040\000s\000e\000t\000P\000i\000c\000t\000u\000r\000e\000\050\000\051}{subsection.7.8.3}% 104
\BOOKMARK [3][-]{subsubsection.7.8.3.8}{\376\377\0007\000.\0008\000.\0003\000.\0008\000\040\000s\000p\000a\000w\000n\000B\000o\000n\000u\000s\000I\000t\000e\000m\000\050\000\051}{subsection.7.8.3}% 105
\BOOKMARK [3][-]{subsubsection.7.8.3.9}{\376\377\0007\000.\0008\000.\0003\000.\0009\000\040\000s\000t\000o\000p\000T\000i\000m\000e\000r\000s\000\050\000\051}{subsection.7.8.3}% 106
\BOOKMARK [3][-]{subsubsection.7.8.3.10}{\376\377\0007\000.\0008\000.\0003\000.\0001\0000\000\040\000u\000p\000d\000a\000t\000e\000C\000o\000u\000n\000t\000D\000o\000w\000n}{subsection.7.8.3}% 107
\BOOKMARK [1][-]{section.7.9}{\376\377\0007\000.\0009\000\040\000S\000t\000u\000d\000e\000n\000t\000S\000i\000d\000e\000:\000:\000h\000e\000l\000p\000D\000i\000a\000l\000o\000g\000\040\000C\000l\000a\000s\000s\000\040\000R\000e\000f\000e\000r\000e\000n\000c\000e}{chapter.7}% 108
\BOOKMARK [2][-]{subsection.7.9.1}{\376\377\0007\000.\0009\000.\0001\000\040\000D\000e\000t\000a\000i\000l\000e\000d\000\040\000D\000e\000s\000c\000r\000i\000p\000t\000i\000o\000n}{section.7.9}% 109
\BOOKMARK [2][-]{subsection.7.9.2}{\376\377\0007\000.\0009\000.\0002\000\040\000C\000o\000n\000s\000t\000r\000u\000c\000t\000o\000r\000\040\000\046\000\040\000D\000e\000s\000t\000r\000u\000c\000t\000o\000r\000\040\000D\000o\000c\000u\000m\000e\000n\000t\000a\000t\000i\000o\000n}{section.7.9}% 110
\BOOKMARK [3][-]{subsubsection.7.9.2.1}{\376\377\0007\000.\0009\000.\0002\000.\0001\000\040\000h\000e\000l\000p\000D\000i\000a\000l\000o\000g\000\050\000\051}{subsection.7.9.2}% 111
\BOOKMARK [2][-]{subsection.7.9.3}{\376\377\0007\000.\0009\000.\0003\000\040\000M\000e\000m\000b\000e\000r\000\040\000F\000u\000n\000c\000t\000i\000o\000n\000\040\000D\000o\000c\000u\000m\000e\000n\000t\000a\000t\000i\000o\000n}{section.7.9}% 112
\BOOKMARK [3][-]{subsubsection.7.9.3.1}{\376\377\0007\000.\0009\000.\0003\000.\0001\000\040\000s\000e\000t\000A\000c\000t\000i\000o\000n\000T\000i\000p\000s\000\050\000\051}{subsection.7.9.3}% 113
\BOOKMARK [1][-]{section.7.10}{\376\377\0007\000.\0001\0000\000\040\000I\000n\000t\000e\000r\000f\000a\000c\000e\000:\000:\000I\000A\000c\000t\000o\000r\000\040\000C\000l\000a\000s\000s\000\040\000R\000e\000f\000e\000r\000e\000n\000c\000e}{chapter.7}% 114
\BOOKMARK [2][-]{subsection.7.10.1}{\376\377\0007\000.\0001\0000\000.\0001\000\040\000D\000e\000t\000a\000i\000l\000e\000d\000\040\000D\000e\000s\000c\000r\000i\000p\000t\000i\000o\000n}{section.7.10}% 115
\BOOKMARK [2][-]{subsection.7.10.2}{\376\377\0007\000.\0001\0000\000.\0002\000\040\000C\000o\000n\000s\000t\000r\000u\000c\000t\000o\000r\000\040\000\046\000\040\000D\000e\000s\000t\000r\000u\000c\000t\000o\000r\000\040\000D\000o\000c\000u\000m\000e\000n\000t\000a\000t\000i\000o\000n}{section.7.10}% 116
\BOOKMARK [3][-]{subsubsection.7.10.2.1}{\376\377\0007\000.\0001\0000\000.\0002\000.\0001\000\040\000I\000A\000c\000t\000o\000r\000\050\000\051}{subsection.7.10.2}% 117
\BOOKMARK [2][-]{subsection.7.10.3}{\376\377\0007\000.\0001\0000\000.\0003\000\040\000M\000e\000m\000b\000e\000r\000\040\000F\000u\000n\000c\000t\000i\000o\000n\000\040\000D\000o\000c\000u\000m\000e\000n\000t\000a\000t\000i\000o\000n}{section.7.10}% 118
\BOOKMARK [3][-]{subsubsection.7.10.3.1}{\376\377\0007\000.\0001\0000\000.\0003\000.\0001\000\040\000g\000i\000v\000e\000L\000o\000c\000a\000t\000i\000o\000n\000\050\000\051}{subsection.7.10.3}% 119
\BOOKMARK [3][-]{subsubsection.7.10.3.2}{\376\377\0007\000.\0001\0000\000.\0003\000.\0002\000\040\000i\000s\000R\000e\000m\000o\000v\000e\000d\000\050\000\051}{subsection.7.10.3}% 120
\BOOKMARK [3][-]{subsubsection.7.10.3.3}{\376\377\0007\000.\0001\0000\000.\0003\000.\0003\000\040\000m\000o\000v\000e\000\050\000\051}{subsection.7.10.3}% 121
\BOOKMARK [3][-]{subsubsection.7.10.3.4}{\376\377\0007\000.\0001\0000\000.\0003\000.\0004\000\040\000r\000e\000m\000o\000v\000e\000\050\000\051}{subsection.7.10.3}% 122
\BOOKMARK [1][-]{section.7.11}{\376\377\0007\000.\0001\0001\000\040\000I\000n\000t\000e\000r\000f\000a\000c\000e\000:\000:\000I\000C\000i\000t\000y\000\040\000C\000l\000a\000s\000s\000\040\000R\000e\000f\000e\000r\000e\000n\000c\000e}{chapter.7}% 123
\BOOKMARK [2][-]{subsection.7.11.1}{\376\377\0007\000.\0001\0001\000.\0001\000\040\000D\000e\000t\000a\000i\000l\000e\000d\000\040\000D\000e\000s\000c\000r\000i\000p\000t\000i\000o\000n}{section.7.11}% 124
\BOOKMARK [2][-]{subsection.7.11.2}{\376\377\0007\000.\0001\0001\000.\0002\000\040\000C\000o\000n\000s\000t\000r\000u\000c\000t\000o\000r\000\040\000\046\000\040\000D\000e\000s\000t\000r\000u\000c\000t\000o\000r\000\040\000D\000o\000c\000u\000m\000e\000n\000t\000a\000t\000i\000o\000n}{section.7.11}% 125
\BOOKMARK [3][-]{subsubsection.7.11.2.1}{\376\377\0007\000.\0001\0001\000.\0002\000.\0001\000\040\000I\000C\000i\000t\000y\000\050\000\051}{subsection.7.11.2}% 126
\BOOKMARK [2][-]{subsection.7.11.3}{\376\377\0007\000.\0001\0001\000.\0003\000\040\000M\000e\000m\000b\000e\000r\000\040\000F\000u\000n\000c\000t\000i\000o\000n\000\040\000D\000o\000c\000u\000m\000e\000n\000t\000a\000t\000i\000o\000n}{section.7.11}% 127
\BOOKMARK [3][-]{subsubsection.7.11.3.1}{\376\377\0007\000.\0001\0001\000.\0003\000.\0001\000\040\000a\000c\000t\000o\000r\000M\000o\000v\000e\000d\000\050\000\051}{subsection.7.11.3}% 128
\BOOKMARK [3][-]{subsubsection.7.11.3.2}{\376\377\0007\000.\0001\0001\000.\0003\000.\0002\000\040\000a\000c\000t\000o\000r\000R\000e\000m\000o\000v\000e\000d\000\050\000\051}{subsection.7.11.3}% 129
\BOOKMARK [3][-]{subsubsection.7.11.3.3}{\376\377\0007\000.\0001\0001\000.\0003\000.\0003\000\040\000a\000d\000d\000A\000c\000t\000o\000r\000\050\000\051}{subsection.7.11.3}% 130
\BOOKMARK [3][-]{subsubsection.7.11.3.4}{\376\377\0007\000.\0001\0001\000.\0003\000.\0004\000\040\000a\000d\000d\000S\000t\000o\000p\000\050\000\051}{subsection.7.11.3}% 131
\BOOKMARK [3][-]{subsubsection.7.11.3.5}{\376\377\0007\000.\0001\0001\000.\0003\000.\0005\000\040\000f\000i\000n\000d\000A\000c\000t\000o\000r\000\050\000\051}{subsection.7.11.3}% 132
\BOOKMARK [3][-]{subsubsection.7.11.3.6}{\376\377\0007\000.\0001\0001\000.\0003\000.\0006\000\040\000g\000e\000t\000N\000e\000a\000r\000b\000y\000A\000c\000t\000o\000r\000s\000\050\000\051}{subsection.7.11.3}% 133
\BOOKMARK [3][-]{subsubsection.7.11.3.7}{\376\377\0007\000.\0001\0001\000.\0003\000.\0007\000\040\000i\000s\000G\000a\000m\000e\000O\000v\000e\000r\000\050\000\051}{subsection.7.11.3}% 134
\BOOKMARK [3][-]{subsubsection.7.11.3.8}{\376\377\0007\000.\0001\0001\000.\0003\000.\0008\000\040\000r\000e\000m\000o\000v\000e\000A\000c\000t\000o\000r\000\050\000\051}{subsection.7.11.3}% 135
\BOOKMARK [3][-]{subsubsection.7.11.3.9}{\376\377\0007\000.\0001\0001\000.\0003\000.\0009\000\040\000s\000e\000t\000B\000a\000c\000k\000g\000r\000o\000u\000n\000d\000\050\000\051}{subsection.7.11.3}% 136
\BOOKMARK [3][-]{subsubsection.7.11.3.10}{\376\377\0007\000.\0001\0001\000.\0003\000.\0001\0000\000\040\000s\000e\000t\000C\000l\000o\000c\000k\000\050\000\051}{subsection.7.11.3}% 137
\BOOKMARK [3][-]{subsubsection.7.11.3.11}{\376\377\0007\000.\0001\0001\000.\0003\000.\0001\0001\000\040\000s\000t\000a\000r\000t\000G\000a\000m\000e\000\050\000\051}{subsection.7.11.3}% 138
\BOOKMARK [1][-]{section.7.12}{\376\377\0007\000.\0001\0002\000\040\000I\000n\000t\000e\000r\000f\000a\000c\000e\000:\000:\000I\000n\000i\000t\000E\000r\000r\000o\000r\000\040\000C\000l\000a\000s\000s\000\040\000R\000e\000f\000e\000r\000e\000n\000c\000e}{chapter.7}% 139
\BOOKMARK [2][-]{subsection.7.12.1}{\376\377\0007\000.\0001\0002\000.\0001\000\040\000D\000e\000t\000a\000i\000l\000e\000d\000\040\000D\000e\000s\000c\000r\000i\000p\000t\000i\000o\000n}{section.7.12}% 140
\BOOKMARK [2][-]{subsection.7.12.2}{\376\377\0007\000.\0001\0002\000.\0002\000\040\000C\000o\000n\000s\000t\000r\000u\000c\000t\000o\000r\000\040\000\046\000\040\000D\000e\000s\000t\000r\000u\000c\000t\000o\000r\000\040\000D\000o\000c\000u\000m\000e\000n\000t\000a\000t\000i\000o\000n}{section.7.12}% 141
\BOOKMARK [3][-]{subsubsection.7.12.2.1}{\376\377\0007\000.\0001\0002\000.\0002\000.\0001\000\040\000I\000n\000i\000t\000E\000r\000r\000o\000r\000\050\000\051\000\040\000[\0001\000/\0002\000]}{subsection.7.12.2}% 142
\BOOKMARK [3][-]{subsubsection.7.12.2.2}{\376\377\0007\000.\0001\0002\000.\0002\000.\0002\000\040\000I\000n\000i\000t\000E\000r\000r\000o\000r\000\050\000\051\000\040\000[\0002\000/\0002\000]}{subsection.7.12.2}% 143
\BOOKMARK [2][-]{subsection.7.12.3}{\376\377\0007\000.\0001\0002\000.\0003\000\040\000M\000e\000m\000b\000e\000r\000\040\000F\000u\000n\000c\000t\000i\000o\000n\000\040\000D\000o\000c\000u\000m\000e\000n\000t\000a\000t\000i\000o\000n}{section.7.12}% 144
\BOOKMARK [3][-]{subsubsection.7.12.3.1}{\376\377\0007\000.\0001\0002\000.\0003\000.\0001\000\040\000g\000i\000v\000e\000M\000e\000s\000s\000a\000g\000e\000\050\000\051}{subsection.7.12.3}% 145
\BOOKMARK [3][-]{subsubsection.7.12.3.2}{\376\377\0007\000.\0001\0002\000.\0003\000.\0002\000\040\000w\000h\000a\000t\000\050\000\051}{subsection.7.12.3}% 146
\BOOKMARK [1][-]{section.7.13}{\376\377\0007\000.\0001\0003\000\040\000S\000t\000u\000d\000e\000n\000t\000S\000i\000d\000e\000:\000:\000i\000n\000i\000t\000G\000a\000m\000e\000\040\000C\000l\000a\000s\000s\000\040\000R\000e\000f\000e\000r\000e\000n\000c\000e}{chapter.7}% 147
\BOOKMARK [2][-]{subsection.7.13.1}{\376\377\0007\000.\0001\0003\000.\0001\000\040\000D\000e\000t\000a\000i\000l\000e\000d\000\040\000D\000e\000s\000c\000r\000i\000p\000t\000i\000o\000n}{section.7.13}% 148
\BOOKMARK [2][-]{subsection.7.13.2}{\376\377\0007\000.\0001\0003\000.\0002\000\040\000C\000o\000n\000s\000t\000r\000u\000c\000t\000o\000r\000\040\000\046\000\040\000D\000e\000s\000t\000r\000u\000c\000t\000o\000r\000\040\000D\000o\000c\000u\000m\000e\000n\000t\000a\000t\000i\000o\000n}{section.7.13}% 149
\BOOKMARK [3][-]{subsubsection.7.13.2.1}{\376\377\0007\000.\0001\0003\000.\0002\000.\0001\000\040\000i\000n\000i\000t\000G\000a\000m\000e\000\050\000\051}{subsection.7.13.2}% 150
\BOOKMARK [2][-]{subsection.7.13.3}{\376\377\0007\000.\0001\0003\000.\0003\000\040\000M\000e\000m\000b\000e\000r\000\040\000F\000u\000n\000c\000t\000i\000o\000n\000\040\000D\000o\000c\000u\000m\000e\000n\000t\000a\000t\000i\000o\000n}{section.7.13}% 151
\BOOKMARK [3][-]{subsubsection.7.13.3.1}{\376\377\0007\000.\0001\0003\000.\0003\000.\0001\000\040\000c\000r\000e\000a\000t\000e\000G\000a\000m\000e\000\050\000\051}{subsection.7.13.3}% 152
\BOOKMARK [3][-]{subsubsection.7.13.3.2}{\376\377\0007\000.\0001\0003\000.\0003\000.\0002\000\040\000d\000r\000a\000w\000A\000c\000t\000o\000r\000I\000t\000e\000m\000s\000\050\000\051}{subsection.7.13.3}% 153
\BOOKMARK [3][-]{subsubsection.7.13.3.3}{\376\377\0007\000.\0001\0003\000.\0003\000.\0003\000\040\000d\000r\000a\000w\000S\000t\000o\000p\000s\000\050\000\051}{subsection.7.13.3}% 154
\BOOKMARK [3][-]{subsubsection.7.13.3.4}{\376\377\0007\000.\0001\0003\000.\0003\000.\0004\000\040\000e\000n\000d\000G\000a\000m\000e\000\050\000\051}{subsection.7.13.3}% 155
\BOOKMARK [3][-]{subsubsection.7.13.3.5}{\376\377\0007\000.\0001\0003\000.\0003\000.\0005\000\040\000i\000n\000i\000t\000L\000o\000g\000i\000c\000\050\000\051}{subsection.7.13.3}% 156
\BOOKMARK [3][-]{subsubsection.7.13.3.6}{\376\377\0007\000.\0001\0003\000.\0003\000.\0006\000\040\000m\000o\000v\000e\000S\000c\000e\000n\000e\000A\000c\000t\000o\000r\000s\000\050\000\051}{subsection.7.13.3}% 157
\BOOKMARK [3][-]{subsubsection.7.13.3.7}{\376\377\0007\000.\0001\0003\000.\0003\000.\0007\000\040\000r\000e\000a\000d\000A\000c\000t\000o\000r\000s\000\050\000\051}{subsection.7.13.3}% 158
\BOOKMARK [3][-]{subsubsection.7.13.3.8}{\376\377\0007\000.\0001\0003\000.\0003\000.\0008\000\040\000s\000e\000t\000A\000c\000t\000o\000r\000P\000i\000c\000\050\000\051}{subsection.7.13.3}% 159
\BOOKMARK [3][-]{subsubsection.7.13.3.9}{\376\377\0007\000.\0001\0003\000.\0003\000.\0009\000\040\000s\000e\000t\000A\000c\000t\000o\000r\000P\000o\000s\000\050\000\051}{subsection.7.13.3}% 160
\BOOKMARK [1][-]{section.7.14}{\376\377\0007\000.\0001\0004\000\040\000I\000n\000t\000e\000r\000f\000a\000c\000e\000:\000:\000I\000P\000a\000s\000s\000e\000n\000g\000e\000r\000\040\000C\000l\000a\000s\000s\000\040\000R\000e\000f\000e\000r\000e\000n\000c\000e}{chapter.7}% 161
\BOOKMARK [2][-]{subsection.7.14.1}{\376\377\0007\000.\0001\0004\000.\0001\000\040\000D\000e\000t\000a\000i\000l\000e\000d\000\040\000D\000e\000s\000c\000r\000i\000p\000t\000i\000o\000n}{section.7.14}% 162
\BOOKMARK [2][-]{subsection.7.14.2}{\376\377\0007\000.\0001\0004\000.\0002\000\040\000C\000o\000n\000s\000t\000r\000u\000c\000t\000o\000r\000\040\000\046\000\040\000D\000e\000s\000t\000r\000u\000c\000t\000o\000r\000\040\000D\000o\000c\000u\000m\000e\000n\000t\000a\000t\000i\000o\000n}{section.7.14}% 163
\BOOKMARK [3][-]{subsubsection.7.14.2.1}{\376\377\0007\000.\0001\0004\000.\0002\000.\0001\000\040\000I\000P\000a\000s\000s\000e\000n\000g\000e\000r\000\050\000\051}{subsection.7.14.2}% 164
\BOOKMARK [2][-]{subsection.7.14.3}{\376\377\0007\000.\0001\0004\000.\0003\000\040\000M\000e\000m\000b\000e\000r\000\040\000F\000u\000n\000c\000t\000i\000o\000n\000\040\000D\000o\000c\000u\000m\000e\000n\000t\000a\000t\000i\000o\000n}{section.7.14}% 165
\BOOKMARK [3][-]{subsubsection.7.14.3.1}{\376\377\0007\000.\0001\0004\000.\0003\000.\0001\000\040\000g\000e\000t\000V\000e\000h\000i\000c\000l\000e\000\050\000\051}{subsection.7.14.3}% 166
\BOOKMARK [3][-]{subsubsection.7.14.3.2}{\376\377\0007\000.\0001\0004\000.\0003\000.\0002\000\040\000i\000s\000I\000n\000V\000e\000h\000i\000c\000l\000e\000\050\000\051}{subsection.7.14.3}% 167
\BOOKMARK [1][-]{section.7.15}{\376\377\0007\000.\0001\0005\000\040\000I\000n\000t\000e\000r\000f\000a\000c\000e\000:\000:\000I\000S\000t\000a\000t\000i\000s\000t\000i\000c\000s\000\040\000C\000l\000a\000s\000s\000\040\000R\000e\000f\000e\000r\000e\000n\000c\000e}{chapter.7}% 168
\BOOKMARK [2][-]{subsection.7.15.1}{\376\377\0007\000.\0001\0005\000.\0001\000\040\000D\000e\000t\000a\000i\000l\000e\000d\000\040\000D\000e\000s\000c\000r\000i\000p\000t\000i\000o\000n}{section.7.15}% 169
\BOOKMARK [2][-]{subsection.7.15.2}{\376\377\0007\000.\0001\0005\000.\0002\000\040\000C\000o\000n\000s\000t\000r\000u\000c\000t\000o\000r\000\040\000\046\000\040\000D\000e\000s\000t\000r\000u\000c\000t\000o\000r\000\040\000D\000o\000c\000u\000m\000e\000n\000t\000a\000t\000i\000o\000n}{section.7.15}% 170
\BOOKMARK [3][-]{subsubsection.7.15.2.1}{\376\377\0007\000.\0001\0005\000.\0002\000.\0001\000\040\000I\000S\000t\000a\000t\000i\000s\000t\000i\000c\000s\000\050\000\051}{subsection.7.15.2}% 171
\BOOKMARK [2][-]{subsection.7.15.3}{\376\377\0007\000.\0001\0005\000.\0003\000\040\000M\000e\000m\000b\000e\000r\000\040\000F\000u\000n\000c\000t\000i\000o\000n\000\040\000D\000o\000c\000u\000m\000e\000n\000t\000a\000t\000i\000o\000n}{section.7.15}% 172
\BOOKMARK [3][-]{subsubsection.7.15.3.1}{\376\377\0007\000.\0001\0005\000.\0003\000.\0001\000\040\000m\000o\000r\000e\000P\000a\000s\000s\000e\000n\000g\000e\000r\000s\000\050\000\051}{subsection.7.15.3}% 173
\BOOKMARK [3][-]{subsubsection.7.15.3.2}{\376\377\0007\000.\0001\0005\000.\0003\000.\0002\000\040\000n\000e\000w\000N\000y\000s\000s\000e\000\050\000\051}{subsection.7.15.3}% 174
\BOOKMARK [3][-]{subsubsection.7.15.3.3}{\376\377\0007\000.\0001\0005\000.\0003\000.\0003\000\040\000n\000y\000s\000s\000e\000L\000e\000f\000t\000\050\000\051}{subsection.7.15.3}% 175
\BOOKMARK [3][-]{subsubsection.7.15.3.4}{\376\377\0007\000.\0001\0005\000.\0003\000.\0004\000\040\000n\000y\000s\000s\000e\000R\000e\000m\000o\000v\000e\000d\000\050\000\051}{subsection.7.15.3}% 176
\BOOKMARK [1][-]{section.7.16}{\376\377\0007\000.\0001\0006\000\040\000I\000n\000t\000e\000r\000f\000a\000c\000e\000:\000:\000I\000S\000t\000o\000p\000\040\000C\000l\000a\000s\000s\000\040\000R\000e\000f\000e\000r\000e\000n\000c\000e}{chapter.7}% 177
\BOOKMARK [2][-]{subsection.7.16.1}{\376\377\0007\000.\0001\0006\000.\0001\000\040\000D\000e\000t\000a\000i\000l\000e\000d\000\040\000D\000e\000s\000c\000r\000i\000p\000t\000i\000o\000n}{section.7.16}% 178
\BOOKMARK [2][-]{subsection.7.16.2}{\376\377\0007\000.\0001\0006\000.\0002\000\040\000C\000o\000n\000s\000t\000r\000u\000c\000t\000o\000r\000\040\000\046\000\040\000D\000e\000s\000t\000r\000u\000c\000t\000o\000r\000\040\000D\000o\000c\000u\000m\000e\000n\000t\000a\000t\000i\000o\000n}{section.7.16}% 179
\BOOKMARK [3][-]{subsubsection.7.16.2.1}{\376\377\0007\000.\0001\0006\000.\0002\000.\0001\000\040\000I\000S\000t\000o\000p\000\050\000\051}{subsection.7.16.2}% 180
\BOOKMARK [2][-]{subsection.7.16.3}{\376\377\0007\000.\0001\0006\000.\0003\000\040\000M\000e\000m\000b\000e\000r\000\040\000F\000u\000n\000c\000t\000i\000o\000n\000\040\000D\000o\000c\000u\000m\000e\000n\000t\000a\000t\000i\000o\000n}{section.7.16}% 181
\BOOKMARK [3][-]{subsubsection.7.16.3.1}{\376\377\0007\000.\0001\0006\000.\0003\000.\0001\000\040\000g\000e\000t\000I\000d\000\050\000\051}{subsection.7.16.3}% 182
\BOOKMARK [3][-]{subsubsection.7.16.3.2}{\376\377\0007\000.\0001\0006\000.\0003\000.\0002\000\040\000g\000e\000t\000L\000o\000c\000a\000t\000i\000o\000n\000\050\000\051}{subsection.7.16.3}% 183
\BOOKMARK [3][-]{subsubsection.7.16.3.3}{\376\377\0007\000.\0001\0006\000.\0003\000.\0003\000\040\000g\000e\000t\000N\000a\000m\000e\000\050\000\051}{subsection.7.16.3}% 184
\BOOKMARK [3][-]{subsubsection.7.16.3.4}{\376\377\0007\000.\0001\0006\000.\0003\000.\0004\000\040\000g\000e\000t\000P\000a\000s\000s\000e\000n\000g\000e\000r\000s\000\050\000\051}{subsection.7.16.3}% 185
\BOOKMARK [1][-]{section.7.17}{\376\377\0007\000.\0001\0007\000\040\000I\000n\000t\000e\000r\000f\000a\000c\000e\000:\000:\000I\000V\000e\000h\000i\000c\000l\000e\000\040\000C\000l\000a\000s\000s\000\040\000R\000e\000f\000e\000r\000e\000n\000c\000e}{chapter.7}% 186
\BOOKMARK [2][-]{subsection.7.17.1}{\376\377\0007\000.\0001\0007\000.\0001\000\040\000D\000e\000t\000a\000i\000l\000e\000d\000\040\000D\000e\000s\000c\000r\000i\000p\000t\000i\000o\000n}{section.7.17}% 187
\BOOKMARK [2][-]{subsection.7.17.2}{\376\377\0007\000.\0001\0007\000.\0002\000\040\000C\000o\000n\000s\000t\000r\000u\000c\000t\000o\000r\000\040\000\046\000\040\000D\000e\000s\000t\000r\000u\000c\000t\000o\000r\000\040\000D\000o\000c\000u\000m\000e\000n\000t\000a\000t\000i\000o\000n}{section.7.17}% 188
\BOOKMARK [3][-]{subsubsection.7.17.2.1}{\376\377\0007\000.\0001\0007\000.\0002\000.\0001\000\040\000I\000V\000e\000h\000i\000c\000l\000e\000\050\000\051}{subsection.7.17.2}% 189
\BOOKMARK [2][-]{subsection.7.17.3}{\376\377\0007\000.\0001\0007\000.\0003\000\040\000M\000e\000m\000b\000e\000r\000\040\000F\000u\000n\000c\000t\000i\000o\000n\000\040\000D\000o\000c\000u\000m\000e\000n\000t\000a\000t\000i\000o\000n}{section.7.17}% 190
\BOOKMARK [3][-]{subsubsection.7.17.3.1}{\376\377\0007\000.\0001\0007\000.\0003\000.\0001\000\040\000a\000d\000d\000P\000a\000s\000s\000e\000n\000g\000e\000r\000\050\000\051}{subsection.7.17.3}% 191
\BOOKMARK [3][-]{subsubsection.7.17.3.2}{\376\377\0007\000.\0001\0007\000.\0003\000.\0002\000\040\000g\000e\000t\000N\000a\000m\000e\000\050\000\051}{subsection.7.17.3}% 192
\BOOKMARK [3][-]{subsubsection.7.17.3.3}{\376\377\0007\000.\0001\0007\000.\0003\000.\0003\000\040\000g\000e\000t\000P\000a\000s\000s\000e\000n\000g\000e\000r\000s\000\050\000\051}{subsection.7.17.3}% 193
\BOOKMARK [3][-]{subsubsection.7.17.3.4}{\376\377\0007\000.\0001\0007\000.\0003\000.\0004\000\040\000r\000e\000m\000o\000v\000e\000P\000a\000s\000s\000e\000n\000g\000e\000r\000\050\000\051}{subsection.7.17.3}% 194
\BOOKMARK [1][-]{section.7.18}{\376\377\0007\000.\0001\0008\000\040\000I\000n\000t\000e\000r\000f\000a\000c\000e\000:\000:\000L\000o\000c\000a\000t\000i\000o\000n\000\040\000C\000l\000a\000s\000s\000\040\000R\000e\000f\000e\000r\000e\000n\000c\000e}{chapter.7}% 195
\BOOKMARK [2][-]{subsection.7.18.1}{\376\377\0007\000.\0001\0008\000.\0001\000\040\000D\000e\000t\000a\000i\000l\000e\000d\000\040\000D\000e\000s\000c\000r\000i\000p\000t\000i\000o\000n}{section.7.18}% 196
\BOOKMARK [2][-]{subsection.7.18.2}{\376\377\0007\000.\0001\0008\000.\0002\000\040\000C\000o\000n\000s\000t\000r\000u\000c\000t\000o\000r\000\040\000\046\000\040\000D\000e\000s\000t\000r\000u\000c\000t\000o\000r\000\040\000D\000o\000c\000u\000m\000e\000n\000t\000a\000t\000i\000o\000n}{section.7.18}% 197
\BOOKMARK [3][-]{subsubsection.7.18.2.1}{\376\377\0007\000.\0001\0008\000.\0002\000.\0001\000\040\000L\000o\000c\000a\000t\000i\000o\000n\000\050\000\051\000\040\000[\0001\000/\0002\000]}{subsection.7.18.2}% 198
\BOOKMARK [3][-]{subsubsection.7.18.2.2}{\376\377\0007\000.\0001\0008\000.\0002\000.\0002\000\040\000L\000o\000c\000a\000t\000i\000o\000n\000\050\000\051\000\040\000[\0002\000/\0002\000]}{subsection.7.18.2}% 199
\BOOKMARK [2][-]{subsection.7.18.3}{\376\377\0007\000.\0001\0008\000.\0003\000\040\000M\000e\000m\000b\000e\000r\000\040\000F\000u\000n\000c\000t\000i\000o\000n\000\040\000D\000o\000c\000u\000m\000e\000n\000t\000a\000t\000i\000o\000n}{section.7.18}% 200
\BOOKMARK [3][-]{subsubsection.7.18.3.1}{\376\377\0007\000.\0001\0008\000.\0003\000.\0001\000\040\000c\000a\000l\000c\000B\000e\000t\000w\000e\000e\000n\000\050\000\051}{subsection.7.18.3}% 201
\BOOKMARK [3][-]{subsubsection.7.18.3.2}{\376\377\0007\000.\0001\0008\000.\0003\000.\0002\000\040\000c\000a\000l\000c\000D\000i\000s\000t\000a\000n\000c\000e\000\050\000\051}{subsection.7.18.3}% 202
\BOOKMARK [3][-]{subsubsection.7.18.3.3}{\376\377\0007\000.\0001\0008\000.\0003\000.\0003\000\040\000g\000i\000v\000e\000E\000a\000s\000t\000e\000r\000n\000C\000o\000o\000r\000d\000\050\000\051}{subsection.7.18.3}% 203
\BOOKMARK [3][-]{subsubsection.7.18.3.4}{\376\377\0007\000.\0001\0008\000.\0003\000.\0004\000\040\000g\000i\000v\000e\000N\000o\000r\000t\000h\000e\000r\000n\000C\000o\000o\000r\000d\000\050\000\051}{subsection.7.18.3}% 204
\BOOKMARK [3][-]{subsubsection.7.18.3.5}{\376\377\0007\000.\0001\0008\000.\0003\000.\0005\000\040\000g\000i\000v\000e\000X\000\050\000\051}{subsection.7.18.3}% 205
\BOOKMARK [3][-]{subsubsection.7.18.3.6}{\376\377\0007\000.\0001\0008\000.\0003\000.\0006\000\040\000g\000i\000v\000e\000Y\000\050\000\051}{subsection.7.18.3}% 206
\BOOKMARK [3][-]{subsubsection.7.18.3.7}{\376\377\0007\000.\0001\0008\000.\0003\000.\0007\000\040\000i\000s\000C\000l\000o\000s\000e\000\050\000\051}{subsection.7.18.3}% 207
\BOOKMARK [3][-]{subsubsection.7.18.3.8}{\376\377\0007\000.\0001\0008\000.\0003\000.\0008\000\040\000p\000r\000i\000n\000t\000B\000o\000t\000h\000\050\000\051}{subsection.7.18.3}% 208
\BOOKMARK [3][-]{subsubsection.7.18.3.9}{\376\377\0007\000.\0001\0008\000.\0003\000.\0009\000\040\000s\000e\000t\000N\000o\000r\000t\000h\000E\000a\000s\000t\000\050\000\051}{subsection.7.18.3}% 209
\BOOKMARK [3][-]{subsubsection.7.18.3.10}{\376\377\0007\000.\0001\0008\000.\0003\000.\0001\0000\000\040\000s\000e\000t\000X\000Y\000\050\000\051}{subsection.7.18.3}% 210
\BOOKMARK [1][-]{section.7.19}{\376\377\0007\000.\0001\0009\000\040\000C\000o\000u\000r\000s\000e\000S\000i\000d\000e\000:\000:\000L\000o\000g\000i\000c\000\040\000C\000l\000a\000s\000s\000\040\000R\000e\000f\000e\000r\000e\000n\000c\000e}{chapter.7}% 211
\BOOKMARK [2][-]{subsection.7.19.1}{\376\377\0007\000.\0001\0009\000.\0001\000\040\000D\000e\000t\000a\000i\000l\000e\000d\000\040\000D\000e\000s\000c\000r\000i\000p\000t\000i\000o\000n}{section.7.19}% 212
\BOOKMARK [2][-]{subsection.7.19.2}{\376\377\0007\000.\0001\0009\000.\0002\000\040\000C\000o\000n\000s\000t\000r\000u\000c\000t\000o\000r\000\040\000\046\000\040\000D\000e\000s\000t\000r\000u\000c\000t\000o\000r\000\040\000D\000o\000c\000u\000m\000e\000n\000t\000a\000t\000i\000o\000n}{section.7.19}% 213
\BOOKMARK [3][-]{subsubsection.7.19.2.1}{\376\377\0007\000.\0001\0009\000.\0002\000.\0001\000\040\000L\000o\000g\000i\000c\000\050\000\051}{subsection.7.19.2}% 214
\BOOKMARK [2][-]{subsection.7.19.3}{\376\377\0007\000.\0001\0009\000.\0003\000\040\000M\000e\000m\000b\000e\000r\000\040\000F\000u\000n\000c\000t\000i\000o\000n\000\040\000D\000o\000c\000u\000m\000e\000n\000t\000a\000t\000i\000o\000n}{section.7.19}% 215
\BOOKMARK [3][-]{subsubsection.7.19.3.1}{\376\377\0007\000.\0001\0009\000.\0003\000.\0001\000\040\000a\000d\000d\000N\000e\000w\000P\000a\000s\000s\000e\000n\000g\000e\000r\000s}{subsection.7.19.3}% 216
\BOOKMARK [3][-]{subsubsection.7.19.3.2}{\376\377\0007\000.\0001\0009\000.\0003\000.\0002\000\040\000c\000o\000n\000f\000i\000g\000C\000h\000a\000n\000g\000e\000d}{subsection.7.19.3}% 217
\BOOKMARK [3][-]{subsubsection.7.19.3.3}{\376\377\0007\000.\0001\0009\000.\0003\000.\0003\000\040\000f\000i\000l\000e\000C\000o\000n\000f\000i\000g\000\050\000\051}{subsection.7.19.3}% 218
\BOOKMARK [3][-]{subsubsection.7.19.3.4}{\376\377\0007\000.\0001\0009\000.\0003\000.\0004\000\040\000f\000i\000n\000a\000l\000i\000z\000e\000G\000a\000m\000e\000S\000t\000a\000r\000t\000\050\000\051}{subsection.7.19.3}% 219
\BOOKMARK [3][-]{subsubsection.7.19.3.5}{\376\377\0007\000.\0001\0009\000.\0003\000.\0005\000\040\000r\000e\000a\000d\000O\000f\000f\000l\000i\000n\000e\000D\000a\000t\000a\000\050\000\051}{subsection.7.19.3}% 220
\BOOKMARK [3][-]{subsubsection.7.19.3.6}{\376\377\0007\000.\0001\0009\000.\0003\000.\0006\000\040\000s\000e\000t\000T\000i\000m\000e\000\050\000\051}{subsection.7.19.3}% 221
\BOOKMARK [3][-]{subsubsection.7.19.3.7}{\376\377\0007\000.\0001\0009\000.\0003\000.\0007\000\040\000t\000a\000k\000e\000C\000i\000t\000y\000\050\000\051}{subsection.7.19.3}% 222
\BOOKMARK [1][-]{section.7.20}{\376\377\0007\000.\0002\0000\000\040\000S\000t\000u\000d\000e\000n\000t\000S\000i\000d\000e\000:\000:\000M\000a\000i\000n\000M\000e\000n\000u\000D\000i\000a\000l\000o\000g\000\040\000C\000l\000a\000s\000s\000\040\000R\000e\000f\000e\000r\000e\000n\000c\000e}{chapter.7}% 223
\BOOKMARK [2][-]{subsection.7.20.1}{\376\377\0007\000.\0002\0000\000.\0001\000\040\000D\000e\000t\000a\000i\000l\000e\000d\000\040\000D\000e\000s\000c\000r\000i\000p\000t\000i\000o\000n}{section.7.20}% 224
\BOOKMARK [2][-]{subsection.7.20.2}{\376\377\0007\000.\0002\0000\000.\0002\000\040\000C\000o\000n\000s\000t\000r\000u\000c\000t\000o\000r\000\040\000\046\000\040\000D\000e\000s\000t\000r\000u\000c\000t\000o\000r\000\040\000D\000o\000c\000u\000m\000e\000n\000t\000a\000t\000i\000o\000n}{section.7.20}% 225
\BOOKMARK [3][-]{subsubsection.7.20.2.1}{\376\377\0007\000.\0002\0000\000.\0002\000.\0001\000\040\000M\000a\000i\000n\000M\000e\000n\000u\000D\000i\000a\000l\000o\000g\000\050\000\051}{subsection.7.20.2}% 226
\BOOKMARK [2][-]{subsection.7.20.3}{\376\377\0007\000.\0002\0000\000.\0003\000\040\000M\000e\000m\000b\000e\000r\000\040\000F\000u\000n\000c\000t\000i\000o\000n\000\040\000D\000o\000c\000u\000m\000e\000n\000t\000a\000t\000i\000o\000n}{section.7.20}% 227
\BOOKMARK [3][-]{subsubsection.7.20.3.1}{\376\377\0007\000.\0002\0000\000.\0003\000.\0001\000\040\000n\000a\000m\000e\000I\000s\000E\000m\000p\000t\000y\000\050\000\051}{subsection.7.20.3}% 228
\BOOKMARK [3][-]{subsubsection.7.20.3.2}{\376\377\0007\000.\0002\0000\000.\0003\000.\0002\000\040\000s\000e\000t\000S\000t\000a\000r\000t\000G\000a\000m\000e\000T\000e\000x\000t\000\050\000\051}{subsection.7.20.3}% 229
\BOOKMARK [3][-]{subsubsection.7.20.3.3}{\376\377\0007\000.\0002\0000\000.\0003\000.\0003\000\040\000s\000e\000t\000T\000o\000o\000l\000T\000i\000p\000s\000\050\000\051}{subsection.7.20.3}% 230
\BOOKMARK [1][-]{section.7.21}{\376\377\0007\000.\0002\0001\000\040\000C\000o\000u\000r\000s\000e\000S\000i\000d\000e\000:\000:\000N\000y\000s\000s\000e\000\040\000C\000l\000a\000s\000s\000\040\000R\000e\000f\000e\000r\000e\000n\000c\000e}{chapter.7}% 231
\BOOKMARK [2][-]{subsection.7.21.1}{\376\377\0007\000.\0002\0001\000.\0001\000\040\000M\000e\000m\000b\000e\000r\000\040\000F\000u\000n\000c\000t\000i\000o\000n\000\040\000D\000o\000c\000u\000m\000e\000n\000t\000a\000t\000i\000o\000n}{section.7.21}% 232
\BOOKMARK [3][-]{subsubsection.7.21.1.1}{\376\377\0007\000.\0002\0001\000.\0001\000.\0001\000\040\000a\000d\000d\000P\000a\000s\000s\000e\000n\000g\000e\000r\000\050\000\051}{subsection.7.21.1}% 233
\BOOKMARK [3][-]{subsubsection.7.21.1.2}{\376\377\0007\000.\0002\0001\000.\0001\000.\0002\000\040\000g\000e\000t\000N\000a\000m\000e\000\050\000\051}{subsection.7.21.1}% 234
\BOOKMARK [3][-]{subsubsection.7.21.1.3}{\376\377\0007\000.\0002\0001\000.\0001\000.\0003\000\040\000g\000e\000t\000P\000a\000s\000s\000e\000n\000g\000e\000r\000s\000\050\000\051}{subsection.7.21.1}% 235
\BOOKMARK [3][-]{subsubsection.7.21.1.4}{\376\377\0007\000.\0002\0001\000.\0001\000.\0004\000\040\000g\000i\000v\000e\000L\000o\000c\000a\000t\000i\000o\000n\000\050\000\051}{subsection.7.21.1}% 236
\BOOKMARK [3][-]{subsubsection.7.21.1.5}{\376\377\0007\000.\0002\0001\000.\0001\000.\0005\000\040\000i\000s\000R\000e\000m\000o\000v\000e\000d\000\050\000\051}{subsection.7.21.1}% 237
\BOOKMARK [3][-]{subsubsection.7.21.1.6}{\376\377\0007\000.\0002\0001\000.\0001\000.\0006\000\040\000m\000o\000v\000e\000\050\000\051}{subsection.7.21.1}% 238
\BOOKMARK [3][-]{subsubsection.7.21.1.7}{\376\377\0007\000.\0002\0001\000.\0001\000.\0007\000\040\000r\000e\000m\000o\000v\000e\000\050\000\051}{subsection.7.21.1}% 239
\BOOKMARK [3][-]{subsubsection.7.21.1.8}{\376\377\0007\000.\0002\0001\000.\0001\000.\0008\000\040\000r\000e\000m\000o\000v\000e\000P\000a\000s\000s\000e\000n\000g\000e\000r\000\050\000\051}{subsection.7.21.1}% 240
\BOOKMARK [1][-]{section.7.22}{\376\377\0007\000.\0002\0002\000\040\000C\000o\000u\000r\000s\000e\000S\000i\000d\000e\000:\000:\000O\000f\000f\000l\000i\000n\000e\000D\000a\000t\000a\000\040\000S\000t\000r\000u\000c\000t\000\040\000R\000e\000f\000e\000r\000e\000n\000c\000e}{chapter.7}% 241
\BOOKMARK [1][-]{section.7.23}{\376\377\0007\000.\0002\0003\000\040\000C\000o\000u\000r\000s\000e\000S\000i\000d\000e\000:\000:\000O\000f\000f\000l\000i\000n\000e\000R\000e\000a\000d\000e\000r\000\040\000C\000l\000a\000s\000s\000\040\000R\000e\000f\000e\000r\000e\000n\000c\000e}{chapter.7}% 242
\BOOKMARK [1][-]{section.7.24}{\376\377\0007\000.\0002\0004\000\040\000C\000o\000u\000r\000s\000e\000S\000i\000d\000e\000:\000:\000P\000a\000s\000s\000e\000n\000g\000e\000r\000\040\000C\000l\000a\000s\000s\000\040\000R\000e\000f\000e\000r\000e\000n\000c\000e}{chapter.7}% 243
\BOOKMARK [2][-]{subsection.7.24.1}{\376\377\0007\000.\0002\0004\000.\0001\000\040\000M\000e\000m\000b\000e\000r\000\040\000F\000u\000n\000c\000t\000i\000o\000n\000\040\000D\000o\000c\000u\000m\000e\000n\000t\000a\000t\000i\000o\000n}{section.7.24}% 244
\BOOKMARK [3][-]{subsubsection.7.24.1.1}{\376\377\0007\000.\0002\0004\000.\0001\000.\0001\000\040\000g\000e\000t\000V\000e\000h\000i\000c\000l\000e\000\050\000\051}{subsection.7.24.1}% 245
\BOOKMARK [3][-]{subsubsection.7.24.1.2}{\376\377\0007\000.\0002\0004\000.\0001\000.\0002\000\040\000g\000i\000v\000e\000L\000o\000c\000a\000t\000i\000o\000n\000\050\000\051}{subsection.7.24.1}% 246
\BOOKMARK [3][-]{subsubsection.7.24.1.3}{\376\377\0007\000.\0002\0004\000.\0001\000.\0003\000\040\000i\000s\000I\000n\000V\000e\000h\000i\000c\000l\000e\000\050\000\051}{subsection.7.24.1}% 247
\BOOKMARK [3][-]{subsubsection.7.24.1.4}{\376\377\0007\000.\0002\0004\000.\0001\000.\0004\000\040\000i\000s\000R\000e\000m\000o\000v\000e\000d\000\050\000\051}{subsection.7.24.1}% 248
\BOOKMARK [3][-]{subsubsection.7.24.1.5}{\376\377\0007\000.\0002\0004\000.\0001\000.\0005\000\040\000m\000o\000v\000e\000\050\000\051}{subsection.7.24.1}% 249
\BOOKMARK [3][-]{subsubsection.7.24.1.6}{\376\377\0007\000.\0002\0004\000.\0001\000.\0006\000\040\000r\000e\000m\000o\000v\000e\000\050\000\051}{subsection.7.24.1}% 250
\BOOKMARK [1][-]{section.7.25}{\376\377\0007\000.\0002\0005\000\040\000C\000o\000u\000r\000s\000e\000S\000i\000d\000e\000:\000:\000P\000l\000a\000c\000e\000\040\000S\000t\000r\000u\000c\000t\000\040\000R\000e\000f\000e\000r\000e\000n\000c\000e}{chapter.7}% 251
\BOOKMARK [1][-]{section.7.26}{\376\377\0007\000.\0002\0006\000\040\000S\000t\000u\000d\000e\000n\000t\000S\000i\000d\000e\000:\000:\000P\000l\000a\000y\000e\000r\000\040\000C\000l\000a\000s\000s\000\040\000R\000e\000f\000e\000r\000e\000n\000c\000e}{chapter.7}% 252
\BOOKMARK [2][-]{subsection.7.26.1}{\376\377\0007\000.\0002\0006\000.\0001\000\040\000D\000e\000t\000a\000i\000l\000e\000d\000\040\000D\000e\000s\000c\000r\000i\000p\000t\000i\000o\000n}{section.7.26}% 253
\BOOKMARK [2][-]{subsection.7.26.2}{\376\377\0007\000.\0002\0006\000.\0002\000\040\000C\000o\000n\000s\000t\000r\000u\000c\000t\000o\000r\000\040\000\046\000\040\000D\000e\000s\000t\000r\000u\000c\000t\000o\000r\000\040\000D\000o\000c\000u\000m\000e\000n\000t\000a\000t\000i\000o\000n}{section.7.26}% 254
\BOOKMARK [3][-]{subsubsection.7.26.2.1}{\376\377\0007\000.\0002\0006\000.\0002\000.\0001\000\040\000P\000l\000a\000y\000e\000r\000\050\000\051}{subsection.7.26.2}% 255
\BOOKMARK [2][-]{subsection.7.26.3}{\376\377\0007\000.\0002\0006\000.\0003\000\040\000M\000e\000m\000b\000e\000r\000\040\000F\000u\000n\000c\000t\000i\000o\000n\000\040\000D\000o\000c\000u\000m\000e\000n\000t\000a\000t\000i\000o\000n}{section.7.26}% 256
\BOOKMARK [3][-]{subsubsection.7.26.3.1}{\376\377\0007\000.\0002\0006\000.\0003\000.\0001\000\040\000a\000d\000d\000P\000l\000a\000y\000e\000r\000S\000p\000r\000i\000t\000e\000\050\000\051}{subsection.7.26.3}% 257
\BOOKMARK [3][-]{subsubsection.7.26.3.2}{\376\377\0007\000.\0002\0006\000.\0003\000.\0002\000\040\000c\000h\000a\000n\000g\000e\000P\000l\000a\000y\000e\000r\000S\000p\000e\000e\000d\000\050\000\051}{subsection.7.26.3}% 258
\BOOKMARK [3][-]{subsubsection.7.26.3.3}{\376\377\0007\000.\0002\0006\000.\0003\000.\0003\000\040\000c\000o\000n\000f\000i\000g\000u\000r\000e\000M\000u\000s\000i\000c\000\050\000\051}{subsection.7.26.3}% 259
\BOOKMARK [3][-]{subsubsection.7.26.3.4}{\376\377\0007\000.\0002\0006\000.\0003\000.\0004\000\040\000g\000e\000t\000P\000l\000a\000y\000e\000r\000O\000r\000i\000g\000i\000n\000\050\000\051}{subsection.7.26.3}% 260
\BOOKMARK [3][-]{subsubsection.7.26.3.5}{\376\377\0007\000.\0002\0006\000.\0003\000.\0005\000\040\000i\000n\000i\000t\000M\000u\000s\000i\000c\000\050\000\051}{subsection.7.26.3}% 261
\BOOKMARK [3][-]{subsubsection.7.26.3.6}{\376\377\0007\000.\0002\0006\000.\0003\000.\0006\000\040\000k\000e\000y\000P\000r\000e\000s\000s\000E\000v\000e\000n\000t\000\050\000\051}{subsection.7.26.3}% 262
\BOOKMARK [3][-]{subsubsection.7.26.3.7}{\376\377\0007\000.\0002\0006\000.\0003\000.\0007\000\040\000k\000e\000y\000R\000e\000l\000e\000a\000s\000e\000E\000v\000e\000n\000t\000\050\000\051}{subsection.7.26.3}% 263
\BOOKMARK [3][-]{subsubsection.7.26.3.8}{\376\377\0007\000.\0002\0006\000.\0003\000.\0008\000\040\000m\000o\000v\000e\000P\000l\000a\000y\000e\000r\000\050\000\051}{subsection.7.26.3}% 264
\BOOKMARK [3][-]{subsubsection.7.26.3.9}{\376\377\0007\000.\0002\0006\000.\0003\000.\0009\000\040\000r\000e\000m\000o\000v\000e\000C\000o\000l\000l\000i\000d\000i\000n\000g\000I\000t\000e\000m\000\050\000\051}{subsection.7.26.3}% 265
\BOOKMARK [3][-]{subsubsection.7.26.3.10}{\376\377\0007\000.\0002\0006\000.\0003\000.\0001\0000\000\040\000s\000a\000v\000e\000P\000l\000a\000y\000e\000r\000N\000a\000m\000e\000\050\000\051}{subsection.7.26.3}% 266
\BOOKMARK [3][-]{subsubsection.7.26.3.11}{\376\377\0007\000.\0002\0006\000.\0003\000.\0001\0001\000\040\000s\000e\000t\000D\000i\000m\000e\000n\000s\000i\000o\000n\000s\000\050\000\051}{subsection.7.26.3}% 267
\BOOKMARK [3][-]{subsubsection.7.26.3.12}{\376\377\0007\000.\0002\0006\000.\0003\000.\0001\0002\000\040\000s\000e\000t\000M\000u\000s\000i\000c\000C\000h\000o\000i\000c\000e\000\050\000\051}{subsection.7.26.3}% 268
\BOOKMARK [1][-]{section.7.27}{\376\377\0007\000.\0002\0007\000\040\000S\000t\000u\000d\000e\000n\000t\000S\000i\000d\000e\000:\000:\000s\000e\000t\000t\000i\000n\000g\000s\000D\000i\000a\000l\000o\000g\000\040\000C\000l\000a\000s\000s\000\040\000R\000e\000f\000e\000r\000e\000n\000c\000e}{chapter.7}% 269
\BOOKMARK [2][-]{subsection.7.27.1}{\376\377\0007\000.\0002\0007\000.\0001\000\040\000D\000e\000t\000a\000i\000l\000e\000d\000\040\000D\000e\000s\000c\000r\000i\000p\000t\000i\000o\000n}{section.7.27}% 270
\BOOKMARK [2][-]{subsection.7.27.2}{\376\377\0007\000.\0002\0007\000.\0002\000\040\000C\000o\000n\000s\000t\000r\000u\000c\000t\000o\000r\000\040\000\046\000\040\000D\000e\000s\000t\000r\000u\000c\000t\000o\000r\000\040\000D\000o\000c\000u\000m\000e\000n\000t\000a\000t\000i\000o\000n}{section.7.27}% 271
\BOOKMARK [3][-]{subsubsection.7.27.2.1}{\376\377\0007\000.\0002\0007\000.\0002\000.\0001\000\040\000s\000e\000t\000t\000i\000n\000g\000s\000D\000i\000a\000l\000o\000g\000\050\000\051}{subsection.7.27.2}% 272
\BOOKMARK [2][-]{subsection.7.27.3}{\376\377\0007\000.\0002\0007\000.\0003\000\040\000M\000e\000m\000b\000e\000r\000\040\000F\000u\000n\000c\000t\000i\000o\000n\000\040\000D\000o\000c\000u\000m\000e\000n\000t\000a\000t\000i\000o\000n}{section.7.27}% 273
\BOOKMARK [3][-]{subsubsection.7.27.3.1}{\376\377\0007\000.\0002\0007\000.\0003\000.\0001\000\040\000s\000e\000t\000A\000c\000t\000i\000o\000n\000T\000o\000o\000l\000T\000i\000p\000s\000\050\000\051}{subsection.7.27.3}% 274
\BOOKMARK [3][-]{subsubsection.7.27.3.2}{\376\377\0007\000.\0002\0007\000.\0003\000.\0002\000\040\000s\000e\000t\000C\000o\000r\000r\000e\000c\000t\000M\000u\000s\000i\000c\000S\000t\000a\000t\000e\000\050\000\051}{subsection.7.27.3}% 275
\BOOKMARK [3][-]{subsubsection.7.27.3.3}{\376\377\0007\000.\0002\0007\000.\0003\000.\0003\000\040\000s\000e\000t\000W\000a\000n\000t\000e\000d\000G\000a\000m\000e\000T\000i\000m\000e\000\050\000\051}{subsection.7.27.3}% 276
\BOOKMARK [1][-]{section.7.28}{\376\377\0007\000.\0002\0008\000\040\000C\000o\000u\000r\000s\000e\000S\000i\000d\000e\000:\000:\000S\000i\000m\000p\000l\000e\000A\000c\000t\000o\000r\000I\000t\000e\000m\000\040\000C\000l\000a\000s\000s\000\040\000R\000e\000f\000e\000r\000e\000n\000c\000e}{chapter.7}% 277
\BOOKMARK [1][-]{section.7.29}{\376\377\0007\000.\0002\0009\000\040\000C\000o\000u\000r\000s\000e\000S\000i\000d\000e\000:\000:\000S\000i\000m\000p\000l\000e\000M\000a\000i\000n\000W\000i\000n\000d\000o\000w\000\040\000C\000l\000a\000s\000s\000\040\000R\000e\000f\000e\000r\000e\000n\000c\000e}{chapter.7}% 278
\BOOKMARK [1][-]{section.7.30}{\376\377\0007\000.\0003\0000\000\040\000s\000t\000a\000t\000i\000s\000t\000i\000c\000s\000T\000e\000s\000t\000\040\000C\000l\000a\000s\000s\000\040\000R\000e\000f\000e\000r\000e\000n\000c\000e}{chapter.7}% 279
\BOOKMARK [2][-]{subsection.7.30.1}{\376\377\0007\000.\0003\0000\000.\0001\000\040\000D\000e\000t\000a\000i\000l\000e\000d\000\040\000D\000e\000s\000c\000r\000i\000p\000t\000i\000o\000n}{section.7.30}% 280
\BOOKMARK [2][-]{subsection.7.30.2}{\376\377\0007\000.\0003\0000\000.\0002\000\040\000C\000o\000n\000s\000t\000r\000u\000c\000t\000o\000r\000\040\000\046\000\040\000D\000e\000s\000t\000r\000u\000c\000t\000o\000r\000\040\000D\000o\000c\000u\000m\000e\000n\000t\000a\000t\000i\000o\000n}{section.7.30}% 281
\BOOKMARK [3][-]{subsubsection.7.30.2.1}{\376\377\0007\000.\0003\0000\000.\0002\000.\0001\000\040\000s\000t\000a\000t\000i\000s\000t\000i\000c\000s\000T\000e\000s\000t\000\050\000\051}{subsection.7.30.2}% 282
\BOOKMARK [1][-]{section.7.31}{\376\377\0007\000.\0003\0001\000\040\000S\000t\000u\000d\000e\000n\000t\000S\000i\000d\000e\000:\000:\000s\000t\000a\000t\000i\000s\000t\000i\000s\000D\000i\000a\000l\000o\000g\000\040\000C\000l\000a\000s\000s\000\040\000R\000e\000f\000e\000r\000e\000n\000c\000e}{chapter.7}% 283
\BOOKMARK [2][-]{subsection.7.31.1}{\376\377\0007\000.\0003\0001\000.\0001\000\040\000D\000e\000t\000a\000i\000l\000e\000d\000\040\000D\000e\000s\000c\000r\000i\000p\000t\000i\000o\000n}{section.7.31}% 284
\BOOKMARK [2][-]{subsection.7.31.2}{\376\377\0007\000.\0003\0001\000.\0002\000\040\000C\000o\000n\000s\000t\000r\000u\000c\000t\000o\000r\000\040\000\046\000\040\000D\000e\000s\000t\000r\000u\000c\000t\000o\000r\000\040\000D\000o\000c\000u\000m\000e\000n\000t\000a\000t\000i\000o\000n}{section.7.31}% 285
\BOOKMARK [3][-]{subsubsection.7.31.2.1}{\376\377\0007\000.\0003\0001\000.\0002\000.\0001\000\040\000s\000t\000a\000t\000i\000s\000t\000i\000s\000D\000i\000a\000l\000o\000g\000\050\000\051}{subsection.7.31.2}% 286
\BOOKMARK [2][-]{subsection.7.31.3}{\376\377\0007\000.\0003\0001\000.\0003\000\040\000M\000e\000m\000b\000e\000r\000\040\000F\000u\000n\000c\000t\000i\000o\000n\000\040\000D\000o\000c\000u\000m\000e\000n\000t\000a\000t\000i\000o\000n}{section.7.31}% 287
\BOOKMARK [3][-]{subsubsection.7.31.3.1}{\376\377\0007\000.\0003\0001\000.\0003\000.\0001\000\040\000g\000e\000n\000e\000r\000a\000t\000e\000S\000t\000a\000t\000s\000S\000t\000r\000i\000n\000g\000\050\000\051}{subsection.7.31.3}% 288
\BOOKMARK [3][-]{subsubsection.7.31.3.2}{\376\377\0007\000.\0003\0001\000.\0003\000.\0002\000\040\000s\000e\000t\000T\000o\000o\000l\000T\000i\000p\000s\000\050\000\051}{subsection.7.31.3}% 289
\BOOKMARK [1][-]{section.7.32}{\376\377\0007\000.\0003\0002\000\040\000C\000o\000u\000r\000s\000e\000S\000i\000d\000e\000:\000:\000S\000t\000o\000p\000\040\000C\000l\000a\000s\000s\000\040\000R\000e\000f\000e\000r\000e\000n\000c\000e}{chapter.7}% 290
\BOOKMARK [2][-]{subsection.7.32.1}{\376\377\0007\000.\0003\0002\000.\0001\000\040\000M\000e\000m\000b\000e\000r\000\040\000F\000u\000n\000c\000t\000i\000o\000n\000\040\000D\000o\000c\000u\000m\000e\000n\000t\000a\000t\000i\000o\000n}{section.7.32}% 291
\BOOKMARK [3][-]{subsubsection.7.32.1.1}{\376\377\0007\000.\0003\0002\000.\0001\000.\0001\000\040\000g\000e\000t\000I\000d\000\050\000\051}{subsection.7.32.1}% 292
\BOOKMARK [3][-]{subsubsection.7.32.1.2}{\376\377\0007\000.\0003\0002\000.\0001\000.\0002\000\040\000g\000e\000t\000L\000o\000c\000a\000t\000i\000o\000n\000\050\000\051}{subsection.7.32.1}% 293
\BOOKMARK [3][-]{subsubsection.7.32.1.3}{\376\377\0007\000.\0003\0002\000.\0001\000.\0003\000\040\000g\000e\000t\000N\000a\000m\000e\000\050\000\051}{subsection.7.32.1}% 294
\BOOKMARK [3][-]{subsubsection.7.32.1.4}{\376\377\0007\000.\0003\0002\000.\0001\000.\0004\000\040\000g\000e\000t\000P\000a\000s\000s\000e\000n\000g\000e\000r\000s\000\050\000\051}{subsection.7.32.1}% 295
\BOOKMARK [1][-]{section.7.33}{\376\377\0007\000.\0003\0003\000\040\000S\000t\000u\000d\000e\000n\000t\000S\000i\000d\000e\000:\000:\000t\000o\000p\000H\000i\000g\000h\000S\000c\000o\000r\000e\000s\000\040\000C\000l\000a\000s\000s\000\040\000R\000e\000f\000e\000r\000e\000n\000c\000e}{chapter.7}% 296
\BOOKMARK [2][-]{subsection.7.33.1}{\376\377\0007\000.\0003\0003\000.\0001\000\040\000D\000e\000t\000a\000i\000l\000e\000d\000\040\000D\000e\000s\000c\000r\000i\000p\000t\000i\000o\000n}{section.7.33}% 297
\BOOKMARK [2][-]{subsection.7.33.2}{\376\377\0007\000.\0003\0003\000.\0002\000\040\000C\000o\000n\000s\000t\000r\000u\000c\000t\000o\000r\000\040\000\046\000\040\000D\000e\000s\000t\000r\000u\000c\000t\000o\000r\000\040\000D\000o\000c\000u\000m\000e\000n\000t\000a\000t\000i\000o\000n}{section.7.33}% 298
\BOOKMARK [3][-]{subsubsection.7.33.2.1}{\376\377\0007\000.\0003\0003\000.\0002\000.\0001\000\040\000t\000o\000p\000H\000i\000g\000h\000S\000c\000o\000r\000e\000s\000\050\000\051}{subsection.7.33.2}% 299
\BOOKMARK [2][-]{subsection.7.33.3}{\376\377\0007\000.\0003\0003\000.\0003\000\040\000M\000e\000m\000b\000e\000r\000\040\000F\000u\000n\000c\000t\000i\000o\000n\000\040\000D\000o\000c\000u\000m\000e\000n\000t\000a\000t\000i\000o\000n}{section.7.33}% 300
\BOOKMARK [3][-]{subsubsection.7.33.3.1}{\376\377\0007\000.\0003\0003\000.\0003\000.\0001\000\040\000g\000e\000t\000D\000u\000r\000a\000t\000i\000o\000n\000\050\000\051}{subsection.7.33.3}% 301
\BOOKMARK [3][-]{subsubsection.7.33.3.2}{\376\377\0007\000.\0003\0003\000.\0003\000.\0002\000\040\000r\000e\000a\000d\000F\000i\000l\000e\000\050\000\051}{subsection.7.33.3}% 302
\BOOKMARK [3][-]{subsubsection.7.33.3.3}{\376\377\0007\000.\0003\0003\000.\0003\000.\0003\000\040\000s\000o\000r\000t\000A\000n\000d\000D\000i\000s\000p\000l\000a\000y\000\050\000\051}{subsection.7.33.3}% 303
\BOOKMARK [3][-]{subsubsection.7.33.3.4}{\376\377\0007\000.\0003\0003\000.\0003\000.\0004\000\040\000w\000r\000i\000t\000e\000F\000i\000l\000e\000\050\000\051}{subsection.7.33.3}% 304
\BOOKMARK [0][-]{chapter.8}{\376\377\0008\000\040\000F\000i\000l\000e\000\040\000D\000o\000c\000u\000m\000e\000n\000t\000a\000t\000i\000o\000n}{}% 305
\BOOKMARK [1][-]{section.8.1}{\376\377\0008\000.\0001\000\040\000C\000o\000u\000r\000s\000e\000/\000C\000o\000u\000r\000s\000e\000L\000i\000b\000/\000c\000o\000r\000e\000/\000l\000o\000c\000a\000t\000i\000o\000n\000.\000h\000h\000\040\000F\000i\000l\000e\000\040\000R\000e\000f\000e\000r\000e\000n\000c\000e}{chapter.8}% 306
\BOOKMARK [2][-]{subsection.8.1.1}{\376\377\0008\000.\0001\000.\0001\000\040\000D\000e\000t\000a\000i\000l\000e\000d\000\040\000D\000e\000s\000c\000r\000i\000p\000t\000i\000o\000n}{section.8.1}% 307
\BOOKMARK [1][-]{section.8.2}{\376\377\0008\000.\0002\000\040\000C\000o\000u\000r\000s\000e\000/\000C\000o\000u\000r\000s\000e\000L\000i\000b\000/\000c\000o\000r\000e\000/\000l\000o\000g\000i\000c\000.\000h\000h\000\040\000F\000i\000l\000e\000\040\000R\000e\000f\000e\000r\000e\000n\000c\000e}{chapter.8}% 308
\BOOKMARK [2][-]{subsection.8.2.1}{\376\377\0008\000.\0002\000.\0001\000\040\000D\000e\000t\000a\000i\000l\000e\000d\000\040\000D\000e\000s\000c\000r\000i\000p\000t\000i\000o\000n}{section.8.2}% 309
\BOOKMARK [1][-]{section.8.3}{\376\377\0008\000.\0003\000\040\000C\000o\000u\000r\000s\000e\000/\000C\000o\000u\000r\000s\000e\000L\000i\000b\000/\000c\000r\000e\000a\000t\000e\000g\000a\000m\000e\000.\000h\000h\000\040\000F\000i\000l\000e\000\040\000R\000e\000f\000e\000r\000e\000n\000c\000e}{chapter.8}% 310
\BOOKMARK [2][-]{subsection.8.3.1}{\376\377\0008\000.\0003\000.\0001\000\040\000D\000e\000t\000a\000i\000l\000e\000d\000\040\000D\000e\000s\000c\000r\000i\000p\000t\000i\000o\000n}{section.8.3}% 311
\BOOKMARK [1][-]{section.8.4}{\376\377\0008\000.\0004\000\040\000C\000o\000u\000r\000s\000e\000/\000C\000o\000u\000r\000s\000e\000L\000i\000b\000/\000e\000r\000r\000o\000r\000s\000/\000g\000a\000m\000e\000e\000r\000r\000o\000r\000.\000h\000h\000\040\000F\000i\000l\000e\000\040\000R\000e\000f\000e\000r\000e\000n\000c\000e}{chapter.8}% 312
\BOOKMARK [2][-]{subsection.8.4.1}{\376\377\0008\000.\0004\000.\0001\000\040\000D\000e\000t\000a\000i\000l\000e\000d\000\040\000D\000e\000s\000c\000r\000i\000p\000t\000i\000o\000n}{section.8.4}% 313
\BOOKMARK [1][-]{section.8.5}{\376\377\0008\000.\0005\000\040\000C\000o\000u\000r\000s\000e\000/\000C\000o\000u\000r\000s\000e\000L\000i\000b\000/\000e\000r\000r\000o\000r\000s\000/\000i\000n\000i\000t\000e\000r\000r\000o\000r\000.\000h\000h\000\040\000F\000i\000l\000e\000\040\000R\000e\000f\000e\000r\000e\000n\000c\000e}{chapter.8}% 314
\BOOKMARK [2][-]{subsection.8.5.1}{\376\377\0008\000.\0005\000.\0001\000\040\000D\000e\000t\000a\000i\000l\000e\000d\000\040\000D\000e\000s\000c\000r\000i\000p\000t\000i\000o\000n}{section.8.5}% 315
\BOOKMARK [1][-]{section.8.6}{\376\377\0008\000.\0006\000\040\000C\000o\000u\000r\000s\000e\000/\000C\000o\000u\000r\000s\000e\000L\000i\000b\000/\000i\000n\000t\000e\000r\000f\000a\000c\000e\000s\000/\000i\000a\000c\000t\000o\000r\000.\000h\000h\000\040\000F\000i\000l\000e\000\040\000R\000e\000f\000e\000r\000e\000n\000c\000e}{chapter.8}% 316
\BOOKMARK [2][-]{subsection.8.6.1}{\376\377\0008\000.\0006\000.\0001\000\040\000D\000e\000t\000a\000i\000l\000e\000d\000\040\000D\000e\000s\000c\000r\000i\000p\000t\000i\000o\000n}{section.8.6}% 317
\BOOKMARK [1][-]{section.8.7}{\376\377\0008\000.\0007\000\040\000C\000o\000u\000r\000s\000e\000/\000C\000o\000u\000r\000s\000e\000L\000i\000b\000/\000i\000n\000t\000e\000r\000f\000a\000c\000e\000s\000/\000i\000c\000i\000t\000y\000.\000h\000h\000\040\000F\000i\000l\000e\000\040\000R\000e\000f\000e\000r\000e\000n\000c\000e}{chapter.8}% 318
\BOOKMARK [2][-]{subsection.8.7.1}{\376\377\0008\000.\0007\000.\0001\000\040\000D\000e\000t\000a\000i\000l\000e\000d\000\040\000D\000e\000s\000c\000r\000i\000p\000t\000i\000o\000n}{section.8.7}% 319
\BOOKMARK [1][-]{section.8.8}{\376\377\0008\000.\0008\000\040\000C\000o\000u\000r\000s\000e\000/\000C\000o\000u\000r\000s\000e\000L\000i\000b\000/\000i\000n\000t\000e\000r\000f\000a\000c\000e\000s\000/\000i\000p\000a\000s\000s\000e\000n\000g\000e\000r\000.\000h\000h\000\040\000F\000i\000l\000e\000\040\000R\000e\000f\000e\000r\000e\000n\000c\000e}{chapter.8}% 320
\BOOKMARK [2][-]{subsection.8.8.1}{\376\377\0008\000.\0008\000.\0001\000\040\000D\000e\000t\000a\000i\000l\000e\000d\000\040\000D\000e\000s\000c\000r\000i\000p\000t\000i\000o\000n}{section.8.8}% 321
\BOOKMARK [1][-]{section.8.9}{\376\377\0008\000.\0009\000\040\000C\000o\000u\000r\000s\000e\000/\000C\000o\000u\000r\000s\000e\000L\000i\000b\000/\000i\000n\000t\000e\000r\000f\000a\000c\000e\000s\000/\000i\000s\000t\000a\000t\000i\000s\000t\000i\000c\000s\000.\000h\000h\000\040\000F\000i\000l\000e\000\040\000R\000e\000f\000e\000r\000e\000n\000c\000e}{chapter.8}% 322
\BOOKMARK [2][-]{subsection.8.9.1}{\376\377\0008\000.\0009\000.\0001\000\040\000D\000e\000t\000a\000i\000l\000e\000d\000\040\000D\000e\000s\000c\000r\000i\000p\000t\000i\000o\000n}{section.8.9}% 323
\BOOKMARK [1][-]{section.8.10}{\376\377\0008\000.\0001\0000\000\040\000C\000o\000u\000r\000s\000e\000/\000C\000o\000u\000r\000s\000e\000L\000i\000b\000/\000i\000n\000t\000e\000r\000f\000a\000c\000e\000s\000/\000i\000s\000t\000o\000p\000.\000h\000h\000\040\000F\000i\000l\000e\000\040\000R\000e\000f\000e\000r\000e\000n\000c\000e}{chapter.8}% 324
\BOOKMARK [2][-]{subsection.8.10.1}{\376\377\0008\000.\0001\0000\000.\0001\000\040\000D\000e\000t\000a\000i\000l\000e\000d\000\040\000D\000e\000s\000c\000r\000i\000p\000t\000i\000o\000n}{section.8.10}% 325
\BOOKMARK [1][-]{section.8.11}{\376\377\0008\000.\0001\0001\000\040\000C\000o\000u\000r\000s\000e\000/\000C\000o\000u\000r\000s\000e\000L\000i\000b\000/\000i\000n\000t\000e\000r\000f\000a\000c\000e\000s\000/\000i\000v\000e\000h\000i\000c\000l\000e\000.\000h\000h\000\040\000F\000i\000l\000e\000\040\000R\000e\000f\000e\000r\000e\000n\000c\000e}{chapter.8}% 326
\BOOKMARK [2][-]{subsection.8.11.1}{\376\377\0008\000.\0001\0001\000.\0001\000\040\000D\000e\000t\000a\000i\000l\000e\000d\000\040\000D\000e\000s\000c\000r\000i\000p\000t\000i\000o\000n}{section.8.11}% 327
